commit 14e60bbd564111b9e3ac116ca3053921ffeec7e0
Merge: 6bde07f 68510c7
Author: wurambo <wurambo@utexas.edu>
Date:   Thu Nov 3 21:56:05 2016 -0500

    Merge pull request #55 from kethomas/master
    
    merge to master

commit 68510c7c2382230d7a87f4b7f6f5b6442f2f2f1d
Author: alidarwiche <alidarwiche@users.noreply.github.com>
Date:   Thu Nov 3 21:54:32 2016 -0500

    Update __init__.py

commit 0847e4f6681d3ac99d39f00812d55eec7c5772f9
Author: Ali Darwiche <darwiche2005@utexas.edu>
Date:   Thu Nov 3 21:51:47 2016 -0500

    fuck me

commit 8883b1236ba23a18d7fcff6dd406722a912dc30e
Author: Kirsten Thomas <kirsten.thomas@utexas.edu>
Date:   Thu Nov 3 21:40:51 2016 -0500

    fixing columns

commit 3f3a6a0973d5ac8f42ba4ce8fb79f75a80c27900
Merge: 4e8d687 80c3fa2
Author: Kirsten Thomas <kirsten.thomas@utexas.edu>
Date:   Thu Nov 3 21:38:50 2016 -0500

    Merge branch 'master' of https://github.com/kethomas/SWEetOutdoors-dev

commit 80c3fa232bfb09c94bb567cd42d6ad01fc80e94c
Author: Ali Darwiche <darwiche2005@utexas.edu>
Date:   Thu Nov 3 21:38:04 2016 -0500

    aslkjfd

commit 425e2e96bf396394ad2600f76ce053609b9fc14a
Author: Ali Darwiche <darwiche2005@utexas.edu>
Date:   Thu Nov 3 21:35:42 2016 -0500

    campgrounds table works

commit 4e8d687714189827d0451850929604b4807e940f
Merge: e152bab 844c8ef
Author: Elizabeth Haynes <ej2h@cs.utexas.edu>
Date:   Thu Nov 3 21:32:35 2016 -0500

    Merge branch 'master' of https://github.com/kethomas/SWEetOutdoors-dev

commit e152bab39989e3a134790b2feb99a1d22ffcf03c
Author: Elizabeth Haynes <ej2h@cs.utexas.edu>
Date:   Thu Nov 3 21:32:08 2016 -0500

    modified events table to have state, modified event instance to get data from database

commit 844c8eff23370506c4e4e537f8c05b981c355102
Merge: 9682bbf 5424cc1
Author: Kirsten Thomas <kirsten.thomas@utexas.edu>
Date:   Thu Nov 3 21:29:36 2016 -0500

    Merge branch 'master' of https://github.com/kethomas/SWEetOutdoors-dev

commit 9682bbf27dfb55254e1cde9ed6f1bae3d62e43ee
Author: Kirsten Thomas <kirsten.thomas@utexas.edu>
Date:   Thu Nov 3 21:29:23 2016 -0500

    editing templates

commit 5424cc194aa6886ef686d460b1b4028fb3aad684
Merge: f8985bf 2bfad78
Author: Ali Darwiche <darwiche2005@utexas.edu>
Date:   Thu Nov 3 21:15:29 2016 -0500

    Merge branch 'master' of https://github.com/kethomas/SWEetOutdoors-dev

commit f8985bfb6c489400558b04e6f7baf723564f224b
Author: Ali Darwiche <darwiche2005@utexas.edu>
Date:   Thu Nov 3 21:15:11 2016 -0500

    hello events table

commit 2bfad78fe7e5b4e3e24fb4039f3fcc130fe6c44a
Merge: 1e8d315 5a69c16
Author: Kirsten Thomas <kirsten.thomas@utexas.edu>
Date:   Thu Nov 3 21:11:44 2016 -0500

    Merge branch 'master' of https://github.com/kethomas/SWEetOutdoors-dev

commit 1e8d3152a3d6a209ab3186194b1493a3fad42a1e
Author: Kirsten Thomas <kirsten.thomas@utexas.edu>
Date:   Thu Nov 3 21:11:27 2016 -0500

    adding way to run unit tests

commit 5a69c169f747f30a989db5e6e6703476874d5ec1
Author: Asad <syed.asad.mahdi@utexas.edu>
Date:   Thu Nov 3 21:08:00 2016 -0500

    something

commit 0f6749390097ac854ef368dafeb188ed1b46349a
Author: Asad <syed.asad.mahdi@utexas.edu>
Date:   Thu Nov 3 21:06:37 2016 -0500

    asdsa

commit 8662a683fd3eb490964c6803068f7ac6f1104b3a
Merge: f3a3ed7 0a03afc
Author: Elizabeth Haynes <ej2h@cs.utexas.edu>
Date:   Thu Nov 3 20:53:57 2016 -0500

    Merge branch 'master' of https://github.com/kethomas/SWEetOutdoors-dev

commit f3a3ed71a756014ae081466edbdfc510b95ae4f7
Author: Elizabeth Haynes <ej2h@cs.utexas.edu>
Date:   Thu Nov 3 20:53:41 2016 -0500

    updated event table page to pull from database

commit 0a03afc5e662bd5ac3895ffbcfbdeb6bbf6113fc
Author: Kirsten Thomas <kirsten.thomas@utexas.edu>
Date:   Thu Nov 3 20:51:01 2016 -0500

    adding stuff in html for dynamic loading

commit f5400c1fff484ba2d4bd5c3aa9b5e0e0ac693772
Merge: 1f7927f 9cf80d9
Author: Ali Darwiche <darwiche2005@utexas.edu>
Date:   Thu Nov 3 20:30:23 2016 -0500

    Merge branch 'master' of https://github.com/kethomas/SWEetOutdoors-dev

commit 1f7927f96edbba651c629c29b0d7674735a05c77
Author: Ali Darwiche <darwiche2005@utexas.edu>
Date:   Thu Nov 3 20:29:48 2016 -0500

    crying

commit 9cf80d9d0f66128720ee19952de3d32d5a6b2f88
Merge: 97819f0 0d20baa
Author: Rambo Wu <RamboWu@wireless-10-147-134-50.public.utexas.edu>
Date:   Thu Nov 3 19:40:19 2016 -0500

    Merge branch 'master' of https://github.com/kethomas/SWEetOutdoors-dev

commit 97819f0e0aa7c4c9375b5e6d60c0d1258b9dc9a9
Author: Rambo Wu <RamboWu@wireless-10-147-134-50.public.utexas.edu>
Date:   Thu Nov 3 19:39:46 2016 -0500

    changed api and models

commit 0d20baa1be3926a45b9bba4fd3153e2bf7db9d30
Author: Asad <syed.asad.mahdi@utexas.edu>
Date:   Thu Nov 3 19:33:32 2016 -0500

    mod yml

commit 0594ecf3e1f80af8b1f1e397efa961052b328012
Merge: c50bd28 f6223aa
Author: Ali Darwiche <darwiche2005@utexas.edu>
Date:   Thu Nov 3 19:25:27 2016 -0500

    Merge branch 'master' of https://github.com/kethomas/SWEetOutdoors-dev

commit c50bd285b98bd4e3b80062cd828f59315325a822
Author: Ali Darwiche <darwiche2005@utexas.edu>
Date:   Thu Nov 3 19:23:20 2016 -0500

    tried to route hyperlinks

commit f6223aa1669176d02c8b8f7ff0644519abda4845
Merge: 1449800 5eea0e1
Author: Kirsten Thomas <kirsten.thomas@utexas.edu>
Date:   Thu Nov 3 18:45:34 2016 -0500

    Merge branch 'master' of https://github.com/kethomas/SWEetOutdoors-dev
    unit tests

commit 1449800c274399fd50873ec3dd33378fc9886c8a
Author: Kirsten Thomas <kirsten.thomas@utexas.edu>
Date:   Thu Nov 3 18:45:05 2016 -0500

    wrote unit testsgit status!

commit 5eea0e1ea7df279bdd7f5a7b65220e1d9bac9136
Author: Ali Darwiche <darwiche2005@utexas.edu>
Date:   Thu Nov 3 18:24:41 2016 -0500

    working on routing?

commit d4e896ad2b958dbb6851db940d4198138511fd98
Merge: fe38ac5 4565f0b
Author: Ali Darwiche <darwiche2005@utexas.edu>
Date:   Thu Nov 3 18:22:42 2016 -0500

    Merge branch 'master' of https://github.com/kethomas/SWEetOutdoors-dev

commit 4565f0b539f34f8d28a6820955dc22ad3e60186f
Author: Matthew Rosenbaum <matthew.rosenbaum@utexas.edu>
Date:   Thu Nov 3 17:25:11 2016 -0500

    sadsad

commit 5c1872d9f4a3e38a7df9ec4c02a930bd848fd138
Author: Matthew Rosenbaum <matthew.rosenbaum@utexas.edu>
Date:   Thu Nov 3 17:24:08 2016 -0500

    sdff

commit eb755d4e2ba7af40ccef6b1607788c093f47c846
Author: Matthew Rosenbaum <matthew.rosenbaum@utexas.edu>
Date:   Thu Nov 3 17:22:39 2016 -0500

    sdfsd

commit 6fd1cd60c60bb6b6662584adb3bca90f7830d035
Author: Matthew Rosenbaum <matthew.rosenbaum@utexas.edu>
Date:   Thu Nov 3 17:01:48 2016 -0500

    f

commit ea639f0dc911b70d70e8a4f711286094fa8117b8
Author: Matthew Rosenbaum <matthew.rosenbaum@utexas.edu>
Date:   Thu Nov 3 17:00:32 2016 -0500

    fsdffgd

commit a6f5a333d4f4d3c363faa281c90c720b9e6079e3
Author: Ubuntu <ubuntu@ip-172-31-0-146.us-west-2.compute.internal>
Date:   Thu Nov 3 21:51:14 2016 +0000

    fsu9fs

commit aae8d95e6941f3de72206c31de200900e91b8a95
Author: Matthew Rosenbaum <matthew.rosenbaum@utexas.edu>
Date:   Thu Nov 3 16:42:23 2016 -0500

    sdfdfgsdfgvs

commit ed1e4f19791c6df8a217799da87bd39f20e65a89
Author: Matthew Rosenbaum <matthew.rosenbaum@utexas.edu>
Date:   Thu Nov 3 16:39:28 2016 -0500

    j

commit d932e8861e13cf17ea994256805a49f1d7c67ea9
Author: Matthew Rosenbaum <matthew.rosenbaum@utexas.edu>
Date:   Thu Nov 3 16:36:55 2016 -0500

    fds

commit af8ce685cb7ec3e1cb38421aaa85f9e2dc1de7de
Author: Matthew Rosenbaum <matthew.rosenbaum@utexas.edu>
Date:   Thu Nov 3 16:34:38 2016 -0500

    fsdfsffsd

commit fefb6f62c9160ce5cec46c0c12a6c299a9ee7a8b
Author: Matthew Rosenbaum <matthew.rosenbaum@utexas.edu>
Date:   Thu Nov 3 16:27:48 2016 -0500

    stupid

commit 0e638e3e423b29d378abaa45521becea36b8bd52
Author: Matthew Rosenbaum <matthew.rosenbaum@utexas.edu>
Date:   Thu Nov 3 16:24:36 2016 -0500

    tabbing sucks, python sucks

commit b4ddd8b71b5c48454330cd4472311ed5fe6f291e
Author: Ubuntu <ubuntu@ip-172-31-0-146.us-west-2.compute.internal>
Date:   Thu Nov 3 21:16:50 2016 +0000

    update tests

commit fe38ac5dd1fc3f8c1fa685420fe89e8c93067185
Merge: 72e0daa 18cf0e7
Author: Ali Darwiche <darwiche2005@utexas.edu>
Date:   Thu Nov 3 16:02:12 2016 -0500

    Merge branch 'master' of https://github.com/kethomas/SWEetOutdoors-dev

commit 18cf0e7e707f5b5707360b784c5733733a878580
Author: Matthew Rosenbaum <matthew.rosenbaum@utexas.edu>
Date:   Thu Nov 3 15:29:35 2016 -0500

    tests, routing for tests, and updated gitignore

commit 9c28e45de684b6a9c20f56fcabeacd6963b52826
Author: Kirsten Thomas <kirsten.thomas@utexas.edu>
Date:   Thu Nov 3 15:23:52 2016 -0500

    Transferring API Description file from Apiary.io

commit 72e0daabd9e3702c30e4a0c56c9ae03608703ffc
Author: Ali Darwiche <darwiche2005@utexas.edu>
Date:   Thu Nov 3 15:20:45 2016 -0500

    pushing for matthew

commit bbaf65fb006487e44d8d1382a9683fdd5b5c8e0c
Author: Rambo Wu <RamboWu@wireless-10-147-134-50.public.utexas.edu>
Date:   Thu Nov 3 15:15:18 2016 -0500

    modified requirements.txt

commit 79f0bb31d364fe186eb6af6a612667b2da49c05b
Merge: 4d807e3 cf5c5a1
Author: Rambo Wu <RamboWu@wireless-10-147-134-50.public.utexas.edu>
Date:   Thu Nov 3 15:08:15 2016 -0500

    Merge branch 'master' of https://github.com/kethomas/SWEetOutdoors-dev

commit 4d807e3578dbd7d58cd0f73c1857d74eafde30d6
Merge: 5bf11e1 16525c1
Author: Rambo Wu <RamboWu@wireless-10-147-134-50.public.utexas.edu>
Date:   Thu Nov 3 15:08:12 2016 -0500

    hello

commit cf5c5a1a3882d08b3c928882b147ddc9feb44aea
Author: Kirsten Thomas <kirsten.thomas@utexas.edu>
Date:   Thu Nov 3 15:07:57 2016 -0500

    minor text fix on about page

commit 5bf11e1422756243a78a85259a5920b65d6ccf3b
Author: Rambo Wu <RamboWu@wireless-10-147-134-50.public.utexas.edu>
Date:   Thu Nov 3 15:06:54 2016 -0500

    fixed all scrapers and models like 99.9999% sure now

commit 16525c1e8d495edf1d9f8023b1db18f784eebedf
Author: Kirsten Thomas <kirsten.thomas@utexas.edu>
Date:   Thu Nov 3 15:05:51 2016 -0500

    updating commits and issues, still need to update unit tests

commit fb9fd26ee6b56e7ef70c1a3b740017930d013b44
Author: Elizabeth Haynes <ej2h@cs.utexas.edu>
Date:   Thu Nov 3 13:47:07 2016 -0500

    may or may not have helped with anything, attempted to work with routing- states and parks and __init__

commit bf3c1b18fd0defa5ea63eb8cc041efc04b64c1e8
Author: Rambo Wu <RamboWu@Rambos-MacBook-Air.local>
Date:   Thu Nov 3 13:28:41 2016 -0500

    campgrounds code change

commit 4fc92e43a2201f2393a5a023e739d97188c9ab8c
Merge: c37bfed 4f96bf6
Author: Rambo Wu <RamboWu@Rambos-MacBook-Air.local>
Date:   Thu Nov 3 13:21:33 2016 -0500

    Merge branch 'master' of https://github.com/kethomas/SWEetOutdoors-dev

commit c37bfed592c7602edb41c5e3d92822263b9eda03
Author: Rambo Wu <RamboWu@Rambos-MacBook-Air.local>
Date:   Thu Nov 3 13:21:12 2016 -0500

    fixed scrapers

commit 4f96bf67e8af2fc6e5e5dbdc3224a2dae831f01d
Merge: aebd0b0 432d502
Author: Ali Darwiche <darwiche2005@utexas.edu>
Date:   Thu Nov 3 00:41:14 2016 -0500

    Merge branch 'master' of https://github.com/kethomas/SWEetOutdoors-dev

commit aebd0b05947d686859da07ad9068f80287b1fe3d
Author: Ali Darwiche <darwiche2005@utexas.edu>
Date:   Thu Nov 3 00:38:07 2016 -0500

    States template mostly up

commit 432d50296b7e8ac521d357b850ea79958877c2d2
Author: Rambo Wu <RamboWu@Rambos-MacBook-Air.local>
Date:   Thu Nov 3 00:10:17 2016 -0500

    fixed wisconsin

commit 1da43bf34a196a59b87d07bc3871e11d23d23489
Merge: 3eae240 576a636
Author: Rambo Wu <RamboWu@Rambos-MacBook-Air.local>
Date:   Thu Nov 3 00:01:30 2016 -0500

    Merge branch 'master' of https://github.com/kethomas/SWEetOutdoors-dev

commit 3eae240fcfa3f261f8f65fb3f254208b53253465
Author: Rambo Wu <RamboWu@Rambos-MacBook-Air.local>
Date:   Thu Nov 3 00:01:17 2016 -0500

    fixed models and api-states

commit 576a636dde4ea0b9775704a22f5a9a0b3643d4e8
Author: Ali Darwiche <darwiche2005@utexas.edu>
Date:   Wed Nov 2 23:20:03 2016 -0500

    Rambo left me and i'm sad: working on states routing

commit 0b8b1f3fda1c510829859f7ee0fed2d7e0555199
Author: Matthew Rosenbaum <matthew.rosenbaum@utexas.edu>
Date:   Wed Nov 2 22:33:59 2016 -0500

    uncomment lines

commit 358e354a16d09f6630869ea96de7b9b8d5c52e72
Author: Elizabeth Haynes <ejjhaynes@users.noreply.github.com>
Date:   Wed Nov 2 21:27:05 2016 -0500

    FINAL finalized models

commit 5f98f346c339929c2564b3921594b6277c4730b2
Merge: 14f9ae4 a95eb5d
Author: Rambo Wu <RamboWu@wireless-10-147-65-175.public.utexas.edu>
Date:   Wed Nov 2 21:04:50 2016 -0500

    Merge branch 'master' of https://github.com/kethomas/SWEetOutdoors-dev

commit 14f9ae4b7e7d47dfbbd434dc9d8376e51fc460a5
Author: Rambo Wu <RamboWu@wireless-10-147-65-175.public.utexas.edu>
Date:   Wed Nov 2 21:04:45 2016 -0500

    fixed stuff

commit a95eb5df4664c4bf49c9bcdb0851c49b0384aa83
Author: Elizabeth Haynes <ejjhaynes@users.noreply.github.com>
Date:   Wed Nov 2 20:51:56 2016 -0500

    updated yUML with phase 2 finalized models

commit 2234c40e9cce0474033516c7c026483c342c36fa
Author: Rambo Wu <RamboWu@wireless-10-147-65-175.public.utexas.edu>
Date:   Wed Nov 2 20:30:02 2016 -0500

    changed models.py

commit 5517320dfb73e35d0b8070df93184791522d8b16
Author: Rambo Wu <RamboWu@wireless-10-147-65-175.public.utexas.edu>
Date:   Wed Nov 2 20:23:08 2016 -0500

    finished models.py FINALLY OMG

commit f17baf614594f928d58d14fd1b5449c172590667
Author: Rambo Wu <RamboWu@wireless-10-147-65-175.public.utexas.edu>
Date:   Wed Nov 2 19:31:39 2016 -0500

    fixed scrapers

commit 7324870f75b547b1ce94006a8c4e8cd0a08afbd3
Author: Elizabeth Haynes <ej2h@cs.utexas.edu>
Date:   Wed Nov 2 18:08:25 2016 -0500

    cleaned up a bit, commented out in init.py everything other than home page routing

commit 07eb21c0cb0582d8898d391feff09ab89b85bfd8
Author: Kirsten Thomas <kirsten.thomas@utexas.edu>
Date:   Wed Nov 2 16:54:19 2016 -0500

    trying to change color

commit ad12d1ed50f381b49ad6e473c470889de0e264f5
Author: Kirsten Thomas <kirsten.thomas@utexas.edu>
Date:   Wed Nov 2 16:39:01 2016 -0500

    changing carousel link area

commit f222ca5f0990ff5ed0bda68b1f3c27e73ab724b2
Author: Kirsten Thomas <kirsten.thomas@utexas.edu>
Date:   Wed Nov 2 16:21:36 2016 -0500

    changing carousel text color

commit 409c416b230968872c7c468035461599e095bd47
Author: Kirsten Thomas <kirsten.thomas@utexas.edu>
Date:   Wed Nov 2 16:09:49 2016 -0500

    adding links in carousel

commit 9dff4c43f174ab10666abc290ec1990ecf76ae83
Author: Kirsten Thomas <kirsten.thomas@utexas.edu>
Date:   Wed Nov 2 14:37:44 2016 -0500

    updating templates with events to be at bottom of second column

commit e2ee7ab6a1fe5e101c71567de2b0a1f3f029fb9c
Author: Asad <syed.asad.mahdi@utexas.edu>
Date:   Wed Nov 2 13:23:20 2016 -0500

    small change

commit 85986c2760c1eae2a6cc7a782d2fd61b04e65509
Author: Asad <syed.asad.mahdi@utexas.edu>
Date:   Wed Nov 2 13:17:05 2016 -0500

    Added js files mimicing the parks one

commit 715c939b90f24634bcaf1e1b18b98292d798316d
Merge: 8ff7a5a b1e67c2
Author: Rambo Wu <RamboWu@wireless-10-147-6-157.public.utexas.edu>
Date:   Tue Nov 1 23:38:15 2016 -0500

    Merge branch 'master' of https://github.com/kethomas/SWEetOutdoors-dev
    
    k

commit 8ff7a5a839aa5993572ac2407a98bea0aa541546
Merge: 254b372 d6705dd
Author: Rambo Wu <RamboWu@wireless-10-147-6-157.public.utexas.edu>
Date:   Tue Nov 1 23:38:03 2016 -0500

    Merge branch 'master' of https://github.com/kethomas/SWEetOutdoors-dev

commit 254b372af6d7a8a43c49b22022439e1a5a683a5e
Author: Rambo Wu <RamboWu@wireless-10-147-6-157.public.utexas.edu>
Date:   Tue Nov 1 23:37:56 2016 -0500

    got states and parks added, need 2 do campgrounds

commit b1e67c23d2772e98fe85252b1c7205fd22f3d191
Author: Kirsten Thomas <kirsten.thomas@utexas.edu>
Date:   Tue Nov 1 23:37:18 2016 -0500

    updated events API db filling

commit d6705ddc961ab6f6f15a0647897eb88d125d6452
Merge: 198880c 4be7935
Author: Didi Crous <didicrous@example.com>
Date:   Tue Nov 1 23:35:44 2016 -0500

    Merge branch 'master' of https://github.com/kethomas/SWEetOutdoors-dev

commit 198880ce219710f90e8eaeb07599c59cd85c4104
Author: Didi Crous <didicrous@example.com>
Date:   Tue Nov 1 23:35:37 2016 -0500

    dynamically loading in hardcoded data in parks.html

commit 4be7935e491b54aba40012dba15e9f5a022065fb
Author: Rambo Wu <RamboWu@wireless-10-147-6-157.public.utexas.edu>
Date:   Tue Nov 1 22:06:15 2016 -0500

    removed stuff

commit 3e61082fa3a24023b79d18973113fd847202609f
Author: Asad <syed.asad.mahdi@utexas.edu>
Date:   Tue Nov 1 21:59:38 2016 -0500

    Changed models to strings

commit 4d3c188742974204d1d77318b7800aa96e18f440
Merge: e54c71b 92cda29
Author: Asad <syed.asad.mahdi@utexas.edu>
Date:   Tue Nov 1 21:58:25 2016 -0500

    Merge branch 'master' of https://github.com/kethomas/SWEetOutdoors-dev

commit 92cda290a17c86d6d3e753f046150c7a9c38bf8b
Merge: 3f2ff5d 2616cd3
Author: Elizabeth Haynes <ej2h@cs.utexas.edu>
Date:   Tue Nov 1 21:56:02 2016 -0500

    trying to merge

commit 3f2ff5d38ecdab9462ebe8c1bab0043552e7fbb2
Author: Elizabeth Haynes <ej2h@cs.utexas.edu>
Date:   Tue Nov 1 21:50:52 2016 -0500

    campgrounds api file modified with bing for zipcode

commit e54c71b932c129a143a0b5c49ed7807696879cbb
Author: Asad <syed.asad.mahdi@utexas.edu>
Date:   Tue Nov 1 20:57:20 2016 -0500

    adding to the right place

commit 2616cd34f4d16f11a3a7193bba67de2a2628d934
Author: Ubuntu <ubuntu@ip-172-31-0-146.us-west-2.compute.internal>
Date:   Wed Nov 2 01:54:48 2016 +0000

    added statesAPI.py

commit cf89161aa4e1329166a678a362cadb9aca8aea24
Author: Asad <syed.asad.mahdi@utexas.edu>
Date:   Tue Nov 1 20:30:41 2016 -0500

    db functionality

commit c70c5d11edc148b22d411a8956bdfa749c821f17
Author: alidarwiche <alidarwiche@users.noreply.github.com>
Date:   Tue Nov 1 20:25:44 2016 -0500

    update events model

commit 741d32995229bac9ce0482173b2d2070c18730e8
Author: Rambo Wu <RamboWu@wireless-10-147-6-157.public.utexas.edu>
Date:   Tue Nov 1 20:20:58 2016 -0500

    fixed models

commit 333a5bbe67d7f3bf772a2caaf130917e7f1ae50e
Author: Asad <syed.asad.mahdi@utexas.edu>
Date:   Tue Nov 1 19:37:11 2016 -0500

    States is done hopefully

commit a7b2aefbb8b5995304208f5978acb2bfc0c62be4
Author: Didi Crous <didicrous@example.com>
Date:   Tue Nov 1 12:41:38 2016 -0500

    setting up structure to dynamically load in data with angular

commit 4d21d92ebf54c3dce27d3f748bd8847acb98f263
Merge: afda07a d35cb8f
Author: Rambo Wu <RamboWu@wireless-10-147-215-116.public.utexas.edu>
Date:   Mon Oct 31 22:23:58 2016 -0500

    Merge branch 'master' of https://github.com/kethomas/SWEetOutdoors-dev

commit afda07aae92fd4594a0cf73afb2f3d57e9368dfd
Author: Rambo Wu <RamboWu@wireless-10-147-215-116.public.utexas.edu>
Date:   Mon Oct 31 22:23:22 2016 -0500

    hi I am rambo from burman

commit d35cb8f584c8d15bc27cdd74f563d29924296afb
Author: Ali Darwiche <darwiche2005@utexas.edu>
Date:   Mon Oct 31 21:59:46 2016 -0500

    Finished events API

commit c2ff0d2dbcd621851131b20dd53baf10b2e46907
Author: Elizabeth Haynes <ej2h@cs.utexas.edu>
Date:   Mon Oct 31 21:02:27 2016 -0500

    creating static template pages, modified table pages, updated models.py, settled on attributes

commit 7eb57f215aa7e242b0e4b340d8052ca1075336d1
Author: Kirsten Thomas <kirsten.thomas@utexas.edu>
Date:   Mon Oct 31 15:27:27 2016 -0500

    extracting list of national parks

commit 063daefea50b4dd73fc3042e6a8553735d3da4fa
Author: Kirsten Thomas <kirsten.thomas@utexas.edu>
Date:   Sun Oct 30 22:09:34 2016 -0500

    using BeautifulSoup to get Alabama state parks list from Wikipedia

commit aa3d73a86aa05474c0a84d8da54138f76ad4f0b5
Author: Kirsten Thomas <kirsten.thomas@utexas.edu>
Date:   Sun Oct 30 21:31:25 2016 -0500

    adding initial parks API python file, going to use Wikipedia

commit 4891e961ac13b9c4fc22ff454250c4d7d7b016ba
Author: Elizabeth Haynes <ej2h@cs.utexas.edu>
Date:   Sun Oct 30 18:46:46 2016 -0500

    fixing some stuff on the About page

commit 06c9553c0042dd47c28d0f28372774a1aea42bb8
Merge: ee6ffb5 52749c4
Author: Elizabeth Haynes <ej2h@cs.utexas.edu>
Date:   Sun Oct 30 16:41:45 2016 -0500

    Merge branch 'master' of https://github.com/kethomas/SWEetOutdoors-dev

commit ee6ffb51749a537b7019ef0f964efdde25cb8b7b
Author: Elizabeth Haynes <ej2h@cs.utexas.edu>
Date:   Sun Oct 30 16:41:27 2016 -0500

    changed table sorting and added pagination

commit 52749c4a33a46aafdd9f5f42cc296e77a67fe4e8
Author: Asad <syed.asad.mahdi@utexas.edu>
Date:   Sun Oct 30 15:26:09 2016 -0500

    Media wiki file

commit cde92fd7948d38ba47bb13cb2c9f3ef3a45fe7de
Author: Elizabeth Haynes <ej2h@cs.utexas.edu>
Date:   Thu Oct 27 22:37:53 2016 -0500

    pulling campgrounds data from the api

commit 80b8c476c64926503f86a0e7cdab3284dc53fd22
Author: kethomas <kirsten.thomas@utexas.edu>
Date:   Mon Oct 24 15:25:03 2016 -0500

    fixed nav bar to be centered on all pages, added comments and organization to CSS, and hopefully fixed linking problem from campground instances

commit fbfd7973c4ffd606b052b8484805169ac084d833
Author: Rambo Wu <RamboWu@wireless-10-145-39-148.public.utexas.edu>
Date:   Fri Oct 21 13:19:22 2016 -0500

    added requirements.txt

commit 92d37fa1e6902d327107af8e89098ba94684c032
Author: Rambo Wu <RamboWu@wireless-10-145-39-148.public.utexas.edu>
Date:   Fri Oct 21 13:17:32 2016 -0500

    changing folder structure to work with aws

commit 40f4ff491f4710da8356854176695c61011c40c7
Author: Rambo Wu <RamboWu@wireless-10-145-39-148.public.utexas.edu>
Date:   Fri Oct 21 13:15:05 2016 -0500

    im just fixin sum stuffs

commit 6bde07f75c5762bab1e6365c5804392fc7789eef
Author: Ali Darwiche <darwiche2005@utexas.edu>
Date:   Thu Oct 20 21:57:48 2016 -0500

    log

commit c0571ab40e7967f909a90687e30c9f0436c01c0f
Merge: 6e3a867 ba24b43
Author: wurambo <wurambo@utexas.edu>
Date:   Thu Oct 20 21:53:34 2016 -0500

    Merge pull request #33 from kethomas/master
    
    doit

commit ba24b43e66f29de78e559076ae8bec4fc3ff3785
Author: alidarwiche <alidarwiche@users.noreply.github.com>
Date:   Thu Oct 20 21:12:55 2016 -0500

    Update apiary.apib

commit e81486aea8c214e8c830a204603506159318750f
Author: Rambo Wu <rambo.wu95@gmail.com>
Date:   Thu Oct 20 20:48:10 2016 -0500

    moved html file

commit d1b979e6845a28d0a0ee59cc4e30ee2ee4ca72d8
Author: Rambo Wu <rambo.wu95@gmail.com>
Date:   Thu Oct 20 20:45:36 2016 -0500

    Added pydoc html

commit dce2b7bf3bf374973699d237889335d41843ffaa
Author: Rambo Wu <rambo.wu95@gmail.com>
Date:   Thu Oct 20 20:35:43 2016 -0500

    fixed unit test

commit 8d641ad6e818574149a92492b0ee2f647dd77009
Author: Rambo Wu <rambo.wu95@gmail.com>
Date:   Thu Oct 20 20:23:02 2016 -0500

    Added travis file

commit 2efff787610a89ab7aff80ac650cf35064d7294f
Author: Rambo Wu <rambo.wu95@gmail.com>
Date:   Thu Oct 20 20:14:22 2016 -0500

    added makefil

commit faac32b15d71203981c0a29a2256ce3f01525021
Author: Rambo Wu <rambo.wu95@gmail.com>
Date:   Thu Oct 20 20:11:30 2016 -0500

    added other pycaches and ds_store to gitignore

commit 4de63d9631f746c42b9ff0c1ab1bb001e6db9aca
Author: Rambo Wu <rambo.wu95@gmail.com>
Date:   Thu Oct 20 20:09:22 2016 -0500

    Added unit tests

commit 86d52c283a75628d01ddd29391f89ccaa64c0412
Author: Rambo Wu <rambo.wu95@gmail.com>
Date:   Thu Oct 20 20:08:55 2016 -0500

    Added unit tests

commit 69763c10e134021ecfab60e0ac4f9eeba537feb0
Author: Rambo Wu <rambo.wu95@gmail.com>
Date:   Thu Oct 20 20:08:32 2016 -0500

    Added unit tests

commit de24a80802e4f1167ea870588f3f1404a8135f80
Author: Rambo Wu <rambo.wu95@gmail.com>
Date:   Thu Oct 20 20:07:33 2016 -0500

    Added unit tests

commit ce6621b0f6a2ab2e32e73b6905ad4c72da39ecb4
Author: Asad <syed.asad.mahdi@utexas.edu>
Date:   Thu Oct 20 19:54:56 2016 -0500

    fixed events table and about page

commit 9692d0adf4fcf8e6cd31ab8bdabbd83577de949a
Author: Asad <syed.asad.mahdi@utexas.edu>
Date:   Thu Oct 20 19:20:00 2016 -0500

    deleted app.py and requir.txt

commit 588f0e6f0f1c48afccd08e1ae538b3fb972827ef
Author: Asad <syed.asad.mahdi@utexas.edu>
Date:   Thu Oct 20 19:15:12 2016 -0500

    removed pycache and .DS_Store

commit 5d6927ced9f22a032bbbab2fd2a67bbd32ef2a36
Author: Asad <syed.asad.mahdi@utexas.edu>
Date:   Thu Oct 20 19:11:17 2016 -0500

    deleting useless files, adding folders/files to gitignore

commit 21b533e426c87517c8751f1ffea0126ebdc65f0c
Merge: 24d5b35 db84e0b
Author: root <root@ip-172-31-40-133.us-west-2.compute.internal>
Date:   Thu Oct 20 23:40:44 2016 +0000

    Merge branch 'master' of https://github.com/kethomas/SWEetOutdoors-dev

commit 24d5b35609147bbcd2712755c22268c401bbbdfb
Author: root <root@ip-172-31-40-133.us-west-2.compute.internal>
Date:   Thu Oct 20 23:40:36 2016 +0000

    working webiste pls

commit db84e0b1782e50c491f441fffa911aa4f067d24c
Author: Kirsten Thomas <kirsten.thomas@utexas.edu>
Date:   Thu Oct 20 18:23:47 2016 -0500

    Added space to Big Bend

commit 4e467b8e09b2413ca493b7a8719b4ddd6438c250
Author: Kirsten Thomas <kirsten.thomas@utexas.edu>
Date:   Thu Oct 20 18:20:05 2016 -0500

    Update DeathValley.html

commit c4d2278fdfb192e00b75bc47d7eb5463cbd2830f
Author: Kirsten Thomas <kirsten.thomas@utexas.edu>
Date:   Thu Oct 20 18:17:34 2016 -0500

    Update BigBend.html

commit e80e5ab3e80e3d21b2971374c4c30093378ea947
Author: Kirsten Thomas <kirsten.thomas@utexas.edu>
Date:   Thu Oct 20 16:55:47 2016 -0500

    bios for Elizabeth & Matthew, added tools info

commit 9b061428b1a19c6616285764f7bd03f97ab0d4a1
Author: Kirsten Thomas <kirsten.thomas@utexas.edu>
Date:   Thu Oct 20 16:49:02 2016 -0500

    Update about.html

commit db339ed9ee06b230ee9bd48cd1501bbbefd1a31f
Author: Elizabeth Haynes <ej2h@cs.utexas.edu>
Date:   Thu Oct 20 16:48:13 2016 -0500

    made tables sortable

commit 13e531c8ae7ddb82b69092076f8d034d6e3273f4
Author: Rambo Wu <RamboWu@wireless-10-147-164-68.public.utexas.edu>
Date:   Thu Oct 20 14:56:14 2016 -0500

    onno

commit 3fe9b7f95d85b56268241e72614a96f3ce159737
Author: Rambo Wu <RamboWu@wireless-10-147-164-68.public.utexas.edu>
Date:   Thu Oct 20 14:43:40 2016 -0500

    plspls work

commit f0cdbd1710b0e517a62921d5f9a7aa81d5f0db4c
Author: Rambo Wu <RamboWu@wireless-10-147-164-68.public.utexas.edu>
Date:   Thu Oct 20 14:35:34 2016 -0500

    pls work

commit 57c36b128e670c85018a5250a5597da72deeaa17
Author: Rambo Wu <RamboWu@wireless-10-147-164-68.public.utexas.edu>
Date:   Thu Oct 20 14:20:07 2016 -0500

    trying 2 get aws workin PLS GOD

commit 70b0cf386816a982085e43db17b116a74a848f1b
Author: Rambo Wu <RamboWu@wireless-10-147-164-68.public.utexas.edu>
Date:   Thu Oct 20 14:17:57 2016 -0500

    trying 2 get aws workin PLS GOD

commit 3935aaf0ce0cdcc52e4d7b1af3d5aa1c5fe2226c
Author: Rambo Wu <rambo.wu95@gmail.com>
Date:   Thu Oct 20 13:51:01 2016 -0500

    added tests.py

commit 2d62904b3185507f89a3b172e20f859ea6baba2b
Author: Matthew Rosenbaum <matthew.rosenbaum@utexas.edu>
Date:   Thu Oct 20 13:40:18 2016 -0500

    restructuring for flask and aws bs

commit 1398a21e39c72f214a98c50976d57088f31a314d
Author: Rambo Wu <rambo.wu95@gmail.com>
Date:   Thu Oct 20 13:12:12 2016 -0500

    pls work

commit 16968fea174fe4f478c90c1fa3fa8aec91ead076
Merge: 7a38b6c 14e0b0c
Author: Rambo Wu <rambo.wu95@gmail.com>
Date:   Thu Oct 20 12:07:05 2016 -0500

    Merge branch 'master' of https://github.com/kethomas/SWEetOutdoors-dev

commit 7a38b6c71df242a0b351d672bbd83291a5b62a2d
Author: Rambo Wu <rambo.wu95@gmail.com>
Date:   Thu Oct 20 12:06:54 2016 -0500

    fixed front end stuffs

commit 14e0b0c716c8dcaa21a0ecab9b84ce9cbe901ca5
Author: kethomas <kirsten.thomas@utexas.edu>
Date:   Thu Oct 20 11:56:00 2016 -0500

    adding links and pictures

commit 2ba39f0377c00a9ea48a45cea8aa17d2c341c328
Author: Matthew Rosenbaum <matthew.rosenbaum@utexas.edu>
Date:   Thu Oct 20 11:08:34 2016 -0500

    requirements file for aws

commit 54d37b798a58eb128c559d75fe5ea9bb1c3f1c9b
Author: Rambo Wu <rambo.wu95@gmail.com>
Date:   Thu Oct 20 11:02:50 2016 -0500

    fixed campgrounds. changed models to use postgresql

commit 7f68066a73928f09188ef5d191ad684d260cc085
Author: Rambo Wu <rambo.wu95@gmail.com>
Date:   Thu Oct 20 10:57:19 2016 -0500

    removed .db file. don't need for this phase

commit 16b67636889448467999d12410f898f31bf3d132
Merge: f7014df 9f64c9b
Author: Matthew Rosenbaum <matthew.rosenbaum@utexas.edu>
Date:   Thu Oct 20 10:52:37 2016 -0500

    Merge branch 'master' of https://github.com/kethomas/SWEetOutdoors-dev

commit f7014df1a023e7b9a0ad89a20deed8a85ec39629
Author: Matthew Rosenbaum <matthew.rosenbaum@utexas.edu>
Date:   Thu Oct 20 10:47:22 2016 -0500

    updating links for about

commit 9f64c9b011def186906ad1ee208f3c5bd781b1d5
Author: kethomas <kirsten.thomas@utexas.edu>
Date:   Thu Oct 20 10:42:23 2016 -0500

    adding team pictures

commit 1e802201d5a5ca0f7d4eddc7709f8b571fc5bd11
Author: Rambo Wu <RamboWu@wireless-10-147-145-94.public.utexas.edu>
Date:   Thu Oct 20 10:41:17 2016 -0500

    fixed about.html

commit d10bbf696e5bbe6f868d85c7b2a2f43b410ad1f4
Author: Matthew Rosenbaum <matthew.rosenbaum@utexas.edu>
Date:   Thu Oct 20 10:15:32 2016 -0500

    modified links to include campgrounds and each of 3 instances

commit 645d071d6097e95d877b4dc8b93a1b012755dd7b
Author: Matthew Rosenbaum <matthew.rosenbaum@utexas.edu>
Date:   Thu Oct 20 01:57:07 2016 -0500

    Fixed navigation to events page. Removed extraneous YellowStoneAnniversary in app directory

commit 049c071b6a42a1fa0c7eb3f4a657cdf3f063591f
Merge: 8db5a5c 0986f8f
Author: Didi Crous <didicrous@gmail.com>
Date:   Thu Oct 20 01:00:08 2016 -0500

    Merge branch 'master' of https://github.com/kethomas/SWEetOutdoors-dev

commit 8db5a5c63e31b19f5e0a5f790b1642961ef8882e
Merge: ce1977b 14dce99
Author: Didi Crous <didicrous@gmail.com>
Date:   Thu Oct 20 00:59:44 2016 -0500

    all of about page done, minus blurb about project

commit 0986f8f8b38ad2e6a2f1b99188b0f0595f7afce5
Merge: 817737c 14dce99
Author: Elizabeth Haynes <ej2h@cs.utexas.edu>
Date:   Thu Oct 20 00:56:20 2016 -0500

    Merge branch 'master' of https://github.com/kethomas/SWEetOutdoors-dev

commit ce1977b0fcd6966965fa24825864697301bceffc
Author: Didi Crous <didicrous@gmail.com>
Date:   Thu Oct 20 00:55:51 2016 -0500

    about page done, minus blurb about the project

commit 817737c2e0ad6b70109aee375c5838efb2b25287
Author: Elizabeth Haynes <ej2h@cs.utexas.edu>
Date:   Thu Oct 20 00:54:54 2016 -0500

    added docstrings and fixed formatting for models.py

commit 14dce998796cea3579c2d9a60844dd5eddd99b5c
Author: Asad <syed.asad.mahdi@utexas.edu>
Date:   Thu Oct 20 00:37:04 2016 -0500

    Campground Table

commit f052ef5eb5fda8c17fc41a5b91745fd1aa3bd0a6
Merge: 0556071 de112a8
Author: Elizabeth Haynes <ej2h@cs.utexas.edu>
Date:   Thu Oct 20 00:32:43 2016 -0500

    Merge branch 'master' of https://github.com/kethomas/SWEetOutdoors-dev

commit 055607151cb7bdff95e041491fbfb6d4b08b9e36
Author: Elizabeth Haynes <ej2h@cs.utexas.edu>
Date:   Thu Oct 20 00:32:03 2016 -0500

    filled in events page manually

commit de112a81c7f77549f8535e0123a4609429de996e
Author: Matthew Rosenbaum <matthew.rosenbaum@utexas.edu>
Date:   Thu Oct 20 00:22:09 2016 -0500

    Added flask routing for the 3 static events

commit f5866849fc406e8c8d25635508033138700c6841
Merge: 4f52450 4da7c4c
Author: kethomas <kirsten.thomas@utexas.edu>
Date:   Wed Oct 19 23:58:06 2016 -0500

    Merge branch 'master' of https://github.com/kethomas/SWEetOutdoors-dev

commit 4f524505fbf1d6540036b62f2f00961511b71a2d
Author: kethomas <kirsten.thomas@utexas.edu>
Date:   Wed Oct 19 23:56:26 2016 -0500

    updating with correct names and team members

commit 4da7c4c9cddd4284b1c6e92a35d0d7c7ad7bba77
Author: Asad <syed.asad.mahdi@utexas.edu>
Date:   Wed Oct 19 23:53:33 2016 -0500

    adding campgrounds

commit 0f0ad61aa88a76f1cd92bdbc1a09bd144b55dc58
Author: Matthew Rosenbaum <matthew.rosenbaum@utexas.edu>
Date:   Wed Oct 19 23:43:58 2016 -0500

    updated links for parks, states, and each instance thereof to use flask. Also I updated california's image

commit f57498b1da4b0c06e0d74d0b2c6d1d78f7025d66
Merge: 94358f8 a4669a0
Author: Didi Crous <didicrous@gmail.com>
Date:   Wed Oct 19 23:40:23 2016 -0500

    Merge branch 'master' of https://github.com/kethomas/SWEetOutdoors-dev

commit 94358f8edb79581e22b0a36f2c7cd9606acb5076
Author: Didi Crous <didicrous@gmail.com>
Date:   Wed Oct 19 23:40:10 2016 -0500

    added our 8th team member, coffee, to the about page

commit a4669a032a4e37e5886781b250796ce8876b4a9b
Author: Rambo Wu <RamboWu@wireless-10-147-40-255.public.utexas.edu>
Date:   Wed Oct 19 23:02:28 2016 -0500

    changed init

commit 4331b238b81814025e1a3b8618f5976b00403989
Merge: 022a521 f5caecf
Author: Didi Crous <didicrous@gmail.com>
Date:   Wed Oct 19 22:51:32 2016 -0500

    Merge branch 'master' of https://github.com/kethomas/SWEetOutdoors-dev

commit 022a521da740a7caf1812d4d8f038f1d05d2cb0c
Author: Didi Crous <didicrous@gmail.com>
Date:   Wed Oct 19 22:51:15 2016 -0500

    about page almost done

commit f5caecf1685f1e8639cc9fb822035726f084c112
Author: Matthew Rosenbaum <matthew.rosenbaum@utexas.edu>
Date:   Wed Oct 19 22:47:47 2016 -0500

    fixed home link for all the parks. Also updated parks.html to reflect new parks

commit b0b04af7aeedcea690e4285812f259f0c70118dc
Author: Matthew Rosenbaum <matthew.rosenbaum@utexas.edu>
Date:   Wed Oct 19 22:36:10 2016 -0500

    the rest of the park instances for phase 1

commit b01c289672d36f83c568e755c4e6b5f4417495fc
Merge: db2d3ef a1a17c1
Author: Rambo Wu <RamboWu@wireless-10-147-40-255.public.utexas.edu>
Date:   Wed Oct 19 22:19:34 2016 -0500

    Merge branch 'master' of https://github.com/kethomas/SWEetOutdoors-dev

commit db2d3efaf9faeaa2f4c9bf33c524bc125a14e1b1
Author: Rambo Wu <RamboWu@wireless-10-147-40-255.public.utexas.edu>
Date:   Wed Oct 19 22:19:27 2016 -0500

    Fixed california + texas

commit a1a17c14d665aa0c9e769048be71c26fabb3986f
Author: Elizabeth Haynes <ej2h@cs.utexas.edu>
Date:   Wed Oct 19 22:14:47 2016 -0500

    fixing references for file moves

commit feb255626f9ead4a387623b30e4a77a4e88cfd67
Merge: d8451b6 2476825
Author: Elizabeth Haynes <ej2h@cs.utexas.edu>
Date:   Wed Oct 19 21:53:20 2016 -0500

    Merge branch 'master' of https://github.com/kethomas/SWEetOutdoors-dev

commit d8451b6e800f56c9b6b659c2e1d366a4e25f6dd0
Author: Elizabeth Haynes <ej2h@cs.utexas.edu>
Date:   Wed Oct 19 21:53:03 2016 -0500

    so much moving around

commit 247682573dfb5a55f76802f75825356fb4ae905e
Author: Asad <syed.asad.mahdi@utexas.edu>
Date:   Wed Oct 19 21:46:38 2016 -0500

    This works dog

commit 5fca8890b32651981ff5f7999e0cef97e74670ed
Author: Rambo Wu <RamboWu@wireless-10-147-40-255.public.utexas.edu>
Date:   Wed Oct 19 21:42:29 2016 -0500

    fixed index.html

commit b5497a770cc86f1b17cf1336afa306966b532eb9
Merge: ce879ee cf93399
Author: Rambo Wu <RamboWu@wireless-10-147-40-255.public.utexas.edu>
Date:   Wed Oct 19 21:35:02 2016 -0500

    Merge branch 'master' of https://github.com/kethomas/SWEetOutdoors-dev

commit ce879eeb99b2c2a264ea8df4a5df868c3a78bf05
Author: Rambo Wu <RamboWu@wireless-10-147-40-255.public.utexas.edu>
Date:   Wed Oct 19 21:34:53 2016 -0500

    Fixed stuff

commit cf93399453266569b9d69de48398b67690410649
Author: Matthew Rosenbaum <matthew.rosenbaum@utexas.edu>
Date:   Wed Oct 19 21:26:21 2016 -0500

    zilker park static html

commit d668e1696c823878c4c04639d76afd278ddb3b1d
Author: Rambo Wu <RamboWu@wireless-10-147-40-255.public.utexas.edu>
Date:   Wed Oct 19 21:24:20 2016 -0500

    moved index fixed init

commit 2c11709bc26299ef419821af269e142dbd4090f6
Author: Rambo Wu <RamboWu@wireless-10-147-40-255.public.utexas.edu>
Date:   Wed Oct 19 21:20:15 2016 -0500

    fixed init

commit 23f4a30e4001ce22ae78997fe9fc7db5b3f648e9
Author: Rambo Wu <RamboWu@wireless-10-147-40-255.public.utexas.edu>
Date:   Wed Oct 19 21:15:00 2016 -0500

    deleted useless files

commit 26a027042348c93aa90d034541fca69d585a096b
Author: Rambo Wu <RamboWu@wireless-10-147-40-255.public.utexas.edu>
Date:   Wed Oct 19 21:14:23 2016 -0500

    Deleted .DS_Store files

commit 39acd2a0e21e3c7206a5f4553affd2b80c0e227e
Author: Rambo Wu <RamboWu@wireless-10-147-40-255.public.utexas.edu>
Date:   Wed Oct 19 21:12:58 2016 -0500

    Changed folder structure

commit f8bbcfd475d1322f589a18ac7381fedc7b319a55
Author: Elizabeth Haynes <ej2h@cs.utexas.edu>
Date:   Wed Oct 19 21:06:54 2016 -0500

    getting ready to restructure folders

commit 0a2a6facaee106fff1537bbc2951fe89bd24e269
Author: Rambo Wu <RamboWu@wireless-10-147-40-255.public.utexas.edu>
Date:   Wed Oct 19 20:58:47 2016 -0500

    Added __init__.py

commit ddff28554d57743489eaca91078f94a4b0de5342
Merge: 4602375 41bed38
Author: kethomas <kirsten.thomas@utexas.edu>
Date:   Wed Oct 19 20:51:44 2016 -0500

    Merge branch 'master' of https://github.com/kethomas/SWEetOutdoors-dev
    
    adding about page

commit 41bed38363a8f2994f787a05788cd1a850e3deda
Author: Elizabeth Haynes <ej2h@cs.utexas.edu>
Date:   Wed Oct 19 20:50:17 2016 -0500

    setting up hardcoding, combined all instances to same folder set

commit 4602375ec3d73d44c8883047f69444ba31c6f2d5
Author: kethomas <kirsten.thomas@utexas.edu>
Date:   Wed Oct 19 20:49:35 2016 -0500

    created initial about page. looks really bad, need to fix formatting. also fixed typo on campgrounds

commit 8092657f17b4d0dd17895d863061996fc24759a0
Author: Ali Darwiche <darwiche2005@utexas.edu>
Date:   Wed Oct 19 20:27:38 2016 -0500

    Made park profile

commit 725d0ee6b20f537a9ab6eab54ec5592bb1718e75
Author: asadmahdi <syed.asad.mahdi@utexas.edu>
Date:   Wed Oct 19 20:05:07 2016 -0500

    Add files via upload

commit c9de8e18471570e80b2cc8e13fab66fae30f7fe0
Author: asadmahdi <syed.asad.mahdi@utexas.edu>
Date:   Wed Oct 19 20:01:51 2016 -0500

    Create yUML.txt

commit 92c18e8b7eba809b6ef3d007d1259f953671f29d
Author: Elizabeth Haynes <ej2h@cs.utexas.edu>
Date:   Wed Oct 19 20:00:30 2016 -0500

    added instance pages

commit 33a26cafda40dd1b554f48ba871fd0515ab510d3
Author: Rambo Wu <RamboWu@wireless-10-147-40-255.public.utexas.edu>
Date:   Wed Oct 19 19:50:16 2016 -0500

    Fixed models, created database file, writing database initializing file now

commit 34a8bb845d15d1a4d5d024d09603578c744aaf9a
Author: Rambo Wu <rambo.wu95@gmail.com>
Date:   Wed Oct 19 19:17:25 2016 -0500

    Fixed data models

commit e0960c9d9411cc3b8b1bb5bf800f716a117f2e56
Author: Elizabeth Haynes <ej2h@cs.utexas.edu>
Date:   Wed Oct 19 18:30:37 2016 -0500

    slight state template change

commit ba2615041b6d8e0b867f189bee82b379c665a245
Author: Ali Darwiche <darwiche2005@utexas.edu>
Date:   Wed Oct 19 18:23:20 2016 -0500

    Made edits

commit 33aac65ebdf32a64e7a8f01c3b4d34489b3066ff
Author: Didi Crous <didicrous@gmail.com>
Date:   Wed Oct 19 17:11:47 2016 -0500

    filled out rest of the tables

commit 524d4251dffcc83e0b01c15f5f626034af03ec34
Author: Didi Crous <didicrous@gmail.com>
Date:   Wed Oct 19 16:15:56 2016 -0500

    added styling to states table

commit 13873f878c40ec2ae99188f87faef20a948be3f2
Author: Didi Crous <didicrous@gmail.com>
Date:   Wed Oct 19 16:10:06 2016 -0500

    did some styling on parks table

commit 757209d27174810d1b84c45a9be61efcab700587
Author: Didi Crous <didicrous@gmail.com>
Date:   Wed Oct 19 15:26:42 2016 -0500

    finished Texas model, data still hardcoded (need to load it in with flask)

commit 3195de24be226f965802555ddee4e25fea7d8304
Author: Didi Crous <didicrous@gmail.com>
Date:   Wed Oct 19 13:49:39 2016 -0500

    almost done with Texas instance

commit bb034b112d5c61f4095eb897018e5b615627d6a2
Merge: 982d61a 0fbf47f
Author: Elizabeth Haynes <ej2h@cs.utexas.edu>
Date:   Wed Oct 19 12:24:34 2016 -0500

    Merging in branch 'master' of https://github.com/kethomas/SWEetOutdoors-dev for state instance

commit 0fbf47facd25357e18f2b231aa49fe76da5786e1
Author: kethomas <kirsten.thomas@utexas.edu>
Date:   Wed Oct 19 01:00:28 2016 -0500

    adding more info to parks page

commit 982d61a72bc23fd34d9fbbc80933822205cd50e2
Author: Elizabeth Haynes <ej2h@cs.utexas.edu>
Date:   Tue Oct 18 23:11:56 2016 -0500

    Setting up state instance

commit 99a4df7ce624182e7d7883b825034bfac0f41609
Author: Ali Darwiche <darwiche2005@utexas.edu>
Date:   Tue Oct 18 21:58:10 2016 -0500

    Ali rage quits: tables for states is up

commit 8d1a35bdeaeed2260133aa74f684e65ba924a2c4
Author: Ali Darwiche <darwiche2005@utexas.edu>
Date:   Tue Oct 18 20:16:53 2016 -0500

    working on table in parks

commit 7e074fe63f54acd16c96481806a5cb8e588e1d6d
Author: Didi Crous <didicrous@gmail.com>
Date:   Tue Oct 18 19:17:58 2016 -0500

    started on parks css

commit e36225879843886033f5a64ef3d3f8ee82a0f549
Author: Ali Darwiche <darwiche2005@utexas.edu>
Date:   Tue Oct 18 18:52:36 2016 -0500

    added States & Campgrounds to data.py

commit d031fff62ae09b3240650a339e42ef15c1824fad
Author: Ali Darwiche <darwiche2005@utexas.edu>
Date:   Tue Oct 18 18:13:12 2016 -0500

    added virtualenv

commit 8024a37c9ef99176a287eaba737a4ab2ad2492f2
Author: Didi Crous <didicrous@gmail.com>
Date:   Tue Oct 18 18:02:49 2016 -0500

    fixed stuff after I broke it, sry

commit 8953c361f4c295c66d20426433f5b72f71ba761e
Author: Didi Crous <didicrous@gmail.com>
Date:   Tue Oct 18 17:56:16 2016 -0500

    moved index file

commit d7be3ac328ef08687f075012280a32c8205c4f2b
Author: Rambo Wu <RamboWu@wireless-10-147-28-253.public.utexas.edu>
Date:   Tue Oct 18 17:37:21 2016 -0500

    Added data model file

commit 52a5d0895ac1a1b2dd6376f94a91c437601e59d3
Author: Kirsten Thomas <kirsten.thomas@utexas.edu>
Date:   Tue Oct 18 16:52:16 2016 -0500

    updating fonts and carousel, added titles

commit b4838899a2d481267239f36cfe99bd296edbbbc3
Author: Kirsten Thomas <kirsten.thomas@utexas.edu>
Date:   Tue Oct 18 15:44:04 2016 -0500

    updated background, carousel, and nav bar

commit 661dea52c66a1173e0fda4c2db2b9bd91572fea5
Author: Didi Crous <didicrous@example.com>
Date:   Mon Oct 17 14:38:28 2016 -0500

    maybe kind of done with the landing page, idk

commit 2b73c9b95f17c2679c98c72af4f3cc20c9647481
Author: Didi Crous <didicrous@example.com>
Date:   Mon Oct 17 12:33:03 2016 -0500

    fixed splash page, sort of

commit 8bdb957a4ef029221c1b4670b77953bf7520e4d4
Author: Didi Crous <didicrous@gmail.com>
Date:   Sun Oct 16 19:05:38 2016 -0500

    index.html getting done

commit f5bd9c4880348b5f3b14af157b7dbfffe75a8fd8
Author: Didi Crous <didicrous@gmail.com>
Date:   Sun Oct 16 18:31:28 2016 -0500

    initial front end stuff

commit 6e3a867026e4ae142b15fbd1d851f440fb23bbd0
Author: Kirsten Thomas <kirsten.thomas@utexas.edu>
Date:   Fri Oct 14 13:49:03 2016 -0500

    Transferring API Description file from Apiary.io

commit 662b52083def4755cae98dec1084c9e4b8a52c44
Author: Kirsten Thomas <kirsten.thomas@utexas.edu>
Date:   Fri Oct 14 13:06:18 2016 -0500

    Update README.md

commit cd3401d2c4ad2feb837eb8b6fbd88c7a72403360
Author: Kirsten Thomas <kirsten.thomas@utexas.edu>
Date:   Fri Oct 14 13:05:27 2016 -0500

    Create master branch via GitHub

commit b6a6a562a2494bbc42019e25d9d7450207a8e824
Author: Kirsten Thomas <kirsten.thomas@utexas.edu>
Date:   Fri Oct 14 13:04:22 2016 -0500

    Create CNAME

commit 24286154c3bf901a39ee113be1d1ef85bbc7fde6
Author: Kirsten Thomas <kirsten.thomas@utexas.edu>
Date:   Fri Oct 14 13:01:35 2016 -0500

    Create index.html

commit b91c24b43f99b84570e2f2399b9894a9e0c8edef
Author: Kirsten Thomas <kirsten.thomas@utexas.edu>
Date:   Fri Oct 14 12:55:40 2016 -0500

    Initial commit
