commit 74d01e9dc35c793b90496f92f31b61399ae0c778
Merge: ed886a4 f7d9d2b
Author: Didi Crous <didicrous@gmail.com>
Date:   Thu Nov 17 21:49:04 2016 -0600

    Merge branch 'master' of https://github.com/kethomas/SWEetOutdoors-dev

commit f7d9d2b1ba932037c98c250286f2465199d8c059
Merge: a79c6ac 9d49e82
Author: Rambo Wu <wurambo@utexas.edu>
Date:   Thu Nov 17 21:48:33 2016 -0600

    Merge branch 'master' of https://github.com/kethomas/SWEetOutdoors-dev

commit ed886a4a3be1d800005914f88da5ef387a13304e
Author: Didi Crous <didicrous@gmail.com>
Date:   Thu Nov 17 21:48:31 2016 -0600

    fixed search bars

commit a79c6ac65dc65c6493cd99023726932a5ec1d480
Author: Rambo Wu <wurambo@utexas.edu>
Date:   Thu Nov 17 21:48:28 2016 -0600

    fixed instances search bar

commit 9d49e826eb636eca892e9b27ab571f01f2e9cca3
Author: Matthew Rosenbaum <matthew.rosenbaum@utexas.edu>
Date:   Thu Nov 17 21:48:05 2016 -0600

    about

commit 0061e7da659067c80b3843d7436f39c68974e26c
Author: Matthew Rosenbaum <matthew.rosenbaum@utexas.edu>
Date:   Thu Nov 17 21:46:20 2016 -0600

    about update

commit a7991ab676be03432c5a5b6cd3bfb2c627c7b256
Merge: 16d078a 50da042
Author: Matthew Rosenbaum <matthew.rosenbaum@utexas.edu>
Date:   Thu Nov 17 21:45:56 2016 -0600

    Merge branch 'master' of https://github.com/kethomas/SWEetOutdoors-dev

commit 50da042efb8ac5720679c418763574b732e5c697
Author: Kirsten Thomas <kirsten.thomas@utexas.edu>
Date:   Thu Nov 17 21:43:47 2016 -0600

    search

commit 16d078a03615db0cd90d3e60b7d618312999e03e
Merge: 372620a 765c993
Author: Matthew Rosenbaum <matthew.rosenbaum@utexas.edu>
Date:   Thu Nov 17 21:42:21 2016 -0600

    Merge branch 'master' of https://github.com/kethomas/SWEetOutdoors-dev

commit 765c993d08e8d21076e52c9f1851858fac872119
Merge: 787246a 3c91ea2
Author: Didi Crous <didicrous@gmail.com>
Date:   Thu Nov 17 21:37:13 2016 -0600

    Merge branch 'master' of https://github.com/kethomas/SWEetOutdoors-dev

commit 3c91ea23e0d934fb939d9848d4f24d635552c318
Author: Kirsten Thomas <kirsten.thomas@utexas.edu>
Date:   Thu Nov 17 21:32:55 2016 -0600

    populating lists

commit 787246a1cbf140ac70203fc37292d4852a6eaaa6
Author: Didi Crous <didicrous@gmail.com>
Date:   Thu Nov 17 21:32:42 2016 -0600

    fixed photourl going outside margins

commit 1ecdeacf97d1e2ab18456168b661fee5929852c3
Merge: 10399e8 764b8d8
Author: Didi Crous <didicrous@gmail.com>
Date:   Thu Nov 17 21:25:55 2016 -0600

    Merge branch 'master' of https://github.com/kethomas/SWEetOutdoors-dev

commit 10399e8462d98bdaf7411014c8202f4d05a0da47
Author: Didi Crous <didicrous@gmail.com>
Date:   Thu Nov 17 21:25:36 2016 -0600

    or + and search working

commit 764b8d89343a73b9d50008d2b4e84c6d317f31e0
Author: Rambo Wu <wurambo@utexas.edu>
Date:   Thu Nov 17 21:14:06 2016 -0600

    fixed about page

commit c1f0e3cdfbc1d253d14cce63d7aff457b5f1aed1
Merge: 4c88bfc cc338f1
Author: Rambo Wu <wurambo@utexas.edu>
Date:   Thu Nov 17 21:06:20 2016 -0600

    added all

commit 4c88bfc37a6112f5e16371077b2c0d4ed5329d31
Author: Rambo Wu <wurambo@utexas.edu>
Date:   Thu Nov 17 21:05:39 2016 -0600

    fixed merge conflict?

commit cc338f172ea28c26fa8a20d679aca03c937dcd6b
Author: Kirsten Thomas <kirsten.thomas@utexas.edu>
Date:   Thu Nov 17 21:04:30 2016 -0600

    adding on search stuff

commit 372620ab7952e133a8171acb4be3f2a21c0f2ecd
Author: Matthew Rosenbaum <matthew.rosenbaum@utexas.edu>
Date:   Thu Nov 17 21:02:35 2016 -0600

    rename file for turnin

commit 401fc12463564136141d9e52885c4515b48469df
Merge: b6e7057 a0c5698
Author: Rambo Wu <wurambo@utexas.edu>
Date:   Thu Nov 17 20:55:13 2016 -0600

    Merge branch 'master' of https://github.com/kethomas/SWEetOutdoors-dev

commit b6e70574baba4bb68a075c1efe962fba13027526
Merge: d1f85b7 16d9794
Author: Rambo Wu <wurambo@utexas.edu>
Date:   Thu Nov 17 20:55:07 2016 -0600

    merged?

commit a0c56989b6bb4a8b940f04f48df187ab5b5cb746
Author: root <root@ip-172-31-0-146.us-west-2.compute.internal>
Date:   Fri Nov 18 02:54:20 2016 +0000

    coverage file

commit 1ed0114c3bcf7ba9d25bc800b197d663b3fa02a4
Merge: 85f83b6 d1f85b7
Author: Ali Darwiche <darwiche2005@utexas.edu>
Date:   Thu Nov 17 20:50:55 2016 -0600

    Merge branch 'master' of https://github.com/kethomas/SWEetOutdoors-dev

commit 85f83b6cd5f0918e61a434d305ac90ca9f3c0a3b
Author: Ali Darwiche <darwiche2005@utexas.edu>
Date:   Thu Nov 17 20:50:29 2016 -0600

    about page

commit d1f85b758888bb38a1b2f797cb88f9843666abad
Merge: a230418 8be7f62
Author: root <root@ip-172-31-0-146.us-west-2.compute.internal>
Date:   Fri Nov 18 02:50:03 2016 +0000

    Merge branch 'master' of https://github.com/kethomas/SWEetOutdoors-dev

commit 8be7f628cec15c90544ddcce604af13ea0d309b0
Author: Kirsten Thomas <kirsten.thomas@utexas.edu>
Date:   Thu Nov 17 20:42:12 2016 -0600

    reformatting search results

commit a230418db01836af2a375946261a2d67048a4960
Merge: be3bbc2 bc7ff3b
Author: root <root@ip-172-31-0-146.us-west-2.compute.internal>
Date:   Fri Nov 18 02:35:29 2016 +0000

    Merge branch 'master' of https://github.com/kethomas/SWEetOutdoors-dev

commit be3bbc25fa2f51100efeb38d1a110a563c6c09ef
Author: root <root@ip-172-31-0-146.us-west-2.compute.internal>
Date:   Fri Nov 18 02:35:19 2016 +0000

    fixed loading centered

commit bc7ff3ba680d2449bf70b8b9a04953258d14f006
Author: Kirsten Thomas <kirsten.thomas@utexas.edu>
Date:   Thu Nov 17 20:28:13 2016 -0600

    changing format of search results to list

commit f50e27c9773793f0f52a77d5fdae548d6053c4de
Author: Rambo Wu <wurambo@utexas.edu>
Date:   Thu Nov 17 20:20:43 2016 -0600

    change loading size

commit c95c7bb5a7082753bf2446b726893bec92658e13
Author: Rambo Wu <wurambo@utexas.edu>
Date:   Thu Nov 17 20:14:10 2016 -0600

    added img

commit 93528aba8091cb246d5a231ac78ab89f9389dd29
Merge: 6bc8eed e24b51e
Author: Rambo Wu <wurambo@utexas.edu>
Date:   Thu Nov 17 20:10:14 2016 -0600

    Merge branch 'master' of https://github.com/kethomas/SWEetOutdoors-dev

commit 6bc8eed3155a1eb7f09b3f8a3ddaf8637a558b2e
Author: Rambo Wu <wurambo@utexas.edu>
Date:   Thu Nov 17 20:10:10 2016 -0600

    added loading table gif

commit e24b51e5c3025dc85c49a07c0a14d5cefe7dffb6
Merge: 4ac2397 bd5ab7e
Author: Elizabeth Haynes <ej2h@cs.utexas.edu>
Date:   Thu Nov 17 20:01:25 2016 -0600

    Merge branch 'master' of https://github.com/kethomas/SWEetOutdoors-dev

commit 4ac23979498d2754d53b132240512a8a6dd32d86
Author: Elizabeth Haynes <ej2h@cs.utexas.edu>
Date:   Thu Nov 17 20:01:14 2016 -0600

    added descriptions to apis on about page

commit bd5ab7ecd2a07e049c13fbd76e5d245800f22e04
Merge: 3b7856d f6f29cd
Author: Didi Crous <didicrous@gmail.com>
Date:   Thu Nov 17 19:56:08 2016 -0600

    fixed the conflicts yeah

commit 3b7856d14f8075e31cb276b04d64bcc835031d6d
Author: Didi Crous <didicrous@gmail.com>
Date:   Thu Nov 17 19:54:41 2016 -0600

    redoing search

commit f6f29cd02b68000be65a28cfc8b0a9f4ea73ccf9
Author: asadmahdi <syed.asad.mahdi@utexas.edu>
Date:   Thu Nov 17 19:51:34 2016 -0600

    Add files via upload

commit f70d16ceb7bc0e5d866fdd629745064b76f6a641
Author: asadmahdi <syed.asad.mahdi@utexas.edu>
Date:   Thu Nov 17 19:48:57 2016 -0600

    Delete IDB.pdf

commit 15ac4886356041c3e4b8dfec86032fba6fbebf2d
Merge: d4ba181 1539df8
Author: Rambo Wu <wurambo@utexas.edu>
Date:   Thu Nov 17 19:32:38 2016 -0600

    Merge branch 'master' of https://github.com/kethomas/SWEetOutdoors-dev

commit d4ba1815cc7848afff2a21919a8b3df8dfbeb28f
Author: Rambo Wu <wurambo@utexas.edu>
Date:   Thu Nov 17 19:32:34 2016 -0600

    changed background and stuff

commit 1539df88f30d0353379ab4fd547645b6be1f6ae5
Merge: 22fa4e4 cc51bd5
Author: Kirsten Thomas <kirsten.thomas@utexas.edu>
Date:   Thu Nov 17 19:02:44 2016 -0600

    Merge branch 'master' of https://github.com/kethomas/SWEetOutdoors-dev

commit 22fa4e4f8c5367b17bcfd5e49f52ac6643fdda32
Author: Kirsten Thomas <kirsten.thomas@utexas.edu>
Date:   Thu Nov 17 19:02:27 2016 -0600

    fixing search button to actually work

commit cc51bd5857bac96ee70ee37cf121ee93ab7f6682
Author: Rambo Wu <wurambo@utexas.edu>
Date:   Thu Nov 17 18:57:02 2016 -0600

    fixed search?

commit 72f3d7c678d49387b1b67547e54e289ee52a439e
Author: Rambo Wu <wurambo@utexas.edu>
Date:   Thu Nov 17 18:52:16 2016 -0600

    fixed init

commit a0cfd6c8ca2af433be14b36e29234542c0ae820a
Author: Kirsten Thomas <kirsten.thomas@utexas.edu>
Date:   Thu Nov 17 17:59:09 2016 -0600

    should be fully fixed on mobile nowgit add app/templates/index.html

commit 3f908b9a40ab045b84f4380a38f0c6666f4ddbf2
Author: Kirsten Thomas <kirsten.thomas@utexas.edu>
Date:   Thu Nov 17 17:50:36 2016 -0600

    fixed index on mobile, nav bar looks weird on chrome

commit fea63247cb5b940f584c350aa98a1a1aca77e4f5
Author: Kirsten Thomas <kirsten.thomas@utexas.edu>
Date:   Thu Nov 17 17:44:36 2016 -0600

    making instance page nav bar look better, still has issues

commit 4b3bda08aba93879f7415bd33fa17d04945b5bf5
Author: Kirsten Thomas <kirsten.thomas@utexas.edu>
Date:   Thu Nov 17 17:25:38 2016 -0600

    fixing margins on nav bar

commit 832e3dd7f3973f303fb5a9605a9868f3f9a3c12c
Author: Kirsten Thomas <kirsten.thomas@utexas.edu>
Date:   Thu Nov 17 17:07:11 2016 -0600

    fixing title on events tab, added description on about page, fixed typo in init

commit ea2874905583af58ea01b443b69d3f2c5d8c6714
Author: Elizabeth Haynes <ej2h@cs.utexas.edu>
Date:   Thu Nov 17 16:44:03 2016 -0600

    restructured css so instance pages are styled the same- only difference is background image

commit e820bc94a53600cc3ef2e7b43bebabc12ff9e8c4
Author: Rambo Wu <wurambo@utexas.edu>
Date:   Thu Nov 17 16:36:38 2016 -0600

    word wrap for paragraphs

commit 63cf1b7c27dfe9396f0583a56d8889bd845251f1
Author: Elizabeth Haynes <ej2h@cs.utexas.edu>
Date:   Thu Nov 17 16:23:40 2016 -0600

    navbar now collapses site-wide

commit 53e1c8e3d51d0715c3b1d95f6d6ac32d71ed8b4f
Author: Kirsten Thomas <kirsten.thomas@utexas.edu>
Date:   Thu Nov 17 14:38:42 2016 -0600

    adding back in titles for tabs

commit 3cc1d12949bb07a7acf7f72331a2963c9ccf4244
Author: Rambo Wu <wurambo@utexas.edu>
Date:   Thu Nov 17 14:36:45 2016 -0600

    added white box around title

commit d7dea63486c9b37f66db248811ed3fcaf7578882
Merge: a16a0d2 40dfd04
Author: root <root@ip-172-31-0-146.us-west-2.compute.internal>
Date:   Thu Nov 17 20:35:36 2016 +0000

    Merge branch 'master' of https://github.com/kethomas/SWEetOutdoors-dev

commit a16a0d23aceab703960dad30e1e44e6a5598934b
Author: root <root@ip-172-31-0-146.us-west-2.compute.internal>
Date:   Thu Nov 17 20:35:27 2016 +0000

    fixed no event nearby

commit 40dfd045e0869439b544780e02d276ebbea016bc
Merge: aa24407 340ea44
Author: Didi Crous <didicrous@example.com>
Date:   Thu Nov 17 14:26:55 2016 -0600

    Merge branch 'master' of https://github.com/kethomas/SWEetOutdoors-dev

commit aa2440704b9537236ce4ef23067882df2d2a1e8d
Author: Didi Crous <didicrous@example.com>
Date:   Thu Nov 17 14:26:49 2016 -0600

    added or/and tab thing to search

commit 340ea445ad1112539f3b92dafa8491d93c2c4f97
Author: Rambo Wu <wurambo@utexas.edu>
Date:   Thu Nov 17 14:08:58 2016 -0600

    fixed all instance pages added bg pics

commit e2601cf704b4b76027e72a21fdf3e37b61997873
Author: Rambo Wu <wurambo@utexas.edu>
Date:   Thu Nov 17 14:07:31 2016 -0600

    added stylesheet and another pic

commit 4fe3abdca31fd908d2720621281464941cf1a18b
Author: Rambo Wu <wurambo@utexas.edu>
Date:   Thu Nov 17 13:48:45 2016 -0600

    added a pic

commit b97fd0f93f744485b575640ef248cad375d17abc
Author: Rambo Wu <wurambo@utexas.edu>
Date:   Thu Nov 17 13:37:32 2016 -0600

    fixed state instance horizontal scrolling

commit 69b8f93cf5d4c40153adc49eefc3e4ae48621b6e
Author: Rambo Wu <wurambo@utexas.edu>
Date:   Thu Nov 17 13:05:40 2016 -0600

    fixed index page and changed background for campground instances

commit 3005c251347f9f2394ff9024538137a86ca2ae26
Author: Matthew Rosenbaum <mat.g.rosen@gmail.com>
Date:   Thu Nov 17 12:52:34 2016 -0600

    Update Things to do

commit 18775bd77d443f1d7d6c5d063613a8c26a311fd9
Author: root <root@ip-172-31-0-146.us-west-2.compute.internal>
Date:   Thu Nov 17 18:52:04 2016 +0000

    fixed park --> event link in parks table

commit 8092f5fc6f467baa36901c4586e0e65db7b5c946
Author: Matthew Rosenbaum <mat.g.rosen@gmail.com>
Date:   Thu Nov 17 12:38:20 2016 -0600

    Update Things to do

commit d2166b0ce8172d791be50672d148a0e26cb1cbf4
Author: Matthew Rosenbaum <mat.g.rosen@gmail.com>
Date:   Thu Nov 17 12:35:42 2016 -0600

    Update Things to do
    
    removed fixed items from the list

commit 26c97c8068767c7145ffdbb969d2262c4490bde5
Author: root <root@ip-172-31-0-146.us-west-2.compute.internal>
Date:   Thu Nov 17 18:02:06 2016 +0000

    run test html should now be fixed

commit 5e21bedf71f814ec476f82b5fac904c359a7583f
Author: Matthew Rosenbaum <matthew.rosenbaum@utexas.edu>
Date:   Thu Nov 17 11:53:27 2016 -0600

    forgot to update file paths

commit 4909e66b1092ac8909279d47beafb4c5157f5e2a
Author: Matthew Rosenbaum <matthew.rosenbaum@utexas.edu>
Date:   Thu Nov 17 11:49:48 2016 -0600

    fixing run test page

commit e9e486cb8cbd00c8dd422324782fe523a86f7d28
Author: Matthew Rosenbaum <mat.g.rosen@gmail.com>
Date:   Thu Nov 17 10:39:35 2016 -0600

    Update .travis.yml
    
    Slack integration

commit 9af2867da06aef587c61bbdfb97a05a0ff9c065f
Author: Matthew Rosenbaum <mat.g.rosen@gmail.com>
Date:   Thu Nov 17 10:22:56 2016 -0600

    Update README.md
    
    testing travis ci integration on slack

commit 368c82c79f3587e5b71b3803dfa0cf66a2b38df0
Author: root <root@ip-172-31-0-146.us-west-2.compute.internal>
Date:   Thu Nov 17 16:17:05 2016 +0000

    pylint errors fixed, make turnin works

commit 0786abb261f40311d3cce97f9c009225df02cf23
Author: root <root@ip-172-31-0-146.us-west-2.compute.internal>
Date:   Thu Nov 17 15:48:06 2016 +0000

    log is now easier to read

commit 72a82748c4af58513e4edcf670fc3e8f5793af35
Author: root <root@ip-172-31-0-146.us-west-2.compute.internal>
Date:   Thu Nov 17 15:43:10 2016 +0000

    fixing makefile, autopep8'd py files

commit fed9021f4cdc8427c407b89c203c9a33f5f5c0e1
Author: Didi Crous <didicrous@example.com>
Date:   Thu Nov 17 01:24:05 2016 -0600

    accidentally pushed broken code, fixed now, sorryyyyyy

commit 5bec3c4a1137ad354fdeee9f747908527443de42
Author: Didi Crous <didicrous@example.com>
Date:   Thu Nov 17 01:16:54 2016 -0600

    or search working on index.html, will get and working tomorrow

commit 11f8bcabb88f31bafe4c1e5e84cee4e6217837a4
Author: Didi Crous <didicrous@example.com>
Date:   Thu Nov 17 01:15:09 2016 -0600

    style for search

commit e8b65f1d34404cb47eae08de1161735fa984fd3e
Author: Matthew Rosenbaum <mat.g.rosen@gmail.com>
Date:   Wed Nov 16 21:00:55 2016 -0600

    Update README.md

commit 16d9794b48733e32aea510dffadb72e91b6c4f6e
Merge: 9b4e976 88bf097
Author: Elizabeth Haynes <ejjhaynes@users.noreply.github.com>
Date:   Wed Nov 16 19:55:47 2016 -0600

    Merge pull request #88 from kethomas/nav_fix
    
    Nav fix

commit 88bf0974961863892de7a5c964488b8b2972a715
Author: Elizabeth Haynes <ej2h@cs.utexas.edu>
Date:   Wed Nov 16 19:53:50 2016 -0600

    made nav bar change everywhere

commit 3905552d0cd164833df46be1f0e9f877e0e3c943
Author: Matthew Rosenbaum <matthew.rosenbaum@utexas.edu>
Date:   Wed Nov 16 19:44:08 2016 -0600

    added pylintrc to remove pylint errors  and updated make turnin target to provide the SHA of HEAD

commit be09bba81f8e14bb1701bb87829d45a45cdbaff5
Merge: 87e4fff 1f6bfe1
Author: Elizabeth Haynes <ej2h@cs.utexas.edu>
Date:   Wed Nov 16 19:06:57 2016 -0600

    Merge branch 'master' of https://github.com/kethomas/SWEetOutdoors-dev

commit 87e4fff322793b8fbd645a3f5ec73bcabc356734
Merge: 2a55f75 b7243f4
Author: Elizabeth Haynes <ej2h@cs.utexas.edu>
Date:   Wed Nov 16 19:06:43 2016 -0600

    Merge branch 'master' of https://github.com/kethomas/SWEetOutdoors-dev

commit 1f6bfe11811af48e11d39d05c618de167957a5f3
Author: Rambo Wu <wurambo@utexas.edu>
Date:   Wed Nov 16 19:06:37 2016 -0600

    hello

commit 2a55f75fdd21009f94a1e80da3bee2e9317a4bd3
Author: Elizabeth Haynes <ej2h@cs.utexas.edu>
Date:   Wed Nov 16 19:06:30 2016 -0600

    add collapsing to nav bar

commit b7243f4786788eea8f8fd7d1ae6069c3eb6d5495
Merge: 518581a e5aa20b
Author: Rambo Wu <wurambo@utexas.edu>
Date:   Wed Nov 16 18:51:39 2016 -0600

    Merge branch 'master' of https://github.com/kethomas/SWEetOutdoors-dev

commit 518581a112e6ae6afc81615726c117fba0a82a1c
Author: Rambo Wu <wurambo@utexas.edu>
Date:   Wed Nov 16 18:51:35 2016 -0600

    fixed css for parkinstance

commit e5aa20bfa7da76c4b4590247e50517a46f859a5e
Author: Matthew Rosenbaum <matthew.rosenbaum@utexas.edu>
Date:   Wed Nov 16 18:44:21 2016 -0600

    makefile now supports 'make turnin' target, still have pylint errors that need to be fixed

commit fb8232ea91e2c085300cecb3723cf87909205547
Merge: 72887bf 244402e
Author: Rambo Wu <wurambo@utexas.edu>
Date:   Wed Nov 16 18:34:23 2016 -0600

    Merge branch 'master' of https://github.com/kethomas/SWEetOutdoors-dev

commit 72887bf03134d1a7d3b8431f409437e7627d9dab
Author: Rambo Wu <wurambo@utexas.edu>
Date:   Wed Nov 16 18:34:18 2016 -0600

    changed state template and stylesheets

commit 244402e9c1e0c3871b7ec5d2f39d6d6a04a490fd
Author: Matthew Rosenbaum <matthew.rosenbaum@utexas.edu>
Date:   Wed Nov 16 18:30:39 2016 -0600

    fixing pylint errors

commit ee94f80e93302d7a678158cb008899591e5b26f4
Merge: f9dc467 dc37df3
Author: Didi Crous <didicrous@gmail.com>
Date:   Wed Nov 16 16:57:04 2016 -0600

    Merge branch 'master' of https://github.com/kethomas/SWEetOutdoors-dev

commit f9dc46776c3452f480f5322fb8f5e76538ee5618
Author: Didi Crous <didicrous@gmail.com>
Date:   Wed Nov 16 16:56:54 2016 -0600

    some search functionality on index.html

commit dc37df39d4dfb4c889304bf1c81221beeed63c00
Author: Matthew Rosenbaum <matthew.rosenbaum@utexas.edu>
Date:   Wed Nov 16 16:13:13 2016 -0600

    Updated 'make test' make target to run pylint on app/models.py-this will cause the build to fail until the pylint error messages are delt with

commit 5a11d146c84808bec0025d3278f7de37770cf6bb
Author: Elizabeth Haynes <ej2h@cs.utexas.edu>
Date:   Wed Nov 16 14:50:16 2016 -0600

    added other tables to search page

commit 461a8faa0b72983bcc85698c8fbe405c3f69f1c3
Merge: 3652c25 f5bf2c1
Author: Didi Crous <didicrous@gmail.com>
Date:   Wed Nov 16 13:56:48 2016 -0600

    Merge branch 'master' of https://github.com/kethomas/SWEetOutdoors-dev

commit 3652c25c2fa7bcc3ce12550e32a902fd8cde822f
Author: Didi Crous <didicrous@gmail.com>
Date:   Wed Nov 16 13:56:36 2016 -0600

    implementing passing search words to back end

commit f5bf2c1da95646ee419d3ddd632494460fb76051
Author: Matthew Rosenbaum <matthew.rosenbaum@utexas.edu>
Date:   Wed Nov 16 13:54:59 2016 -0600

    updating coverage again

commit ee3aeae8b073550ad4dc61e74028022bf2b0faa8
Author: Matthew Rosenbaum <matthew.rosenbaum@utexas.edu>
Date:   Wed Nov 16 13:45:15 2016 -0600

    fixing coverage part 2

commit 839adefcf3f786bbc293c00239196c3003f0b5b7
Author: Matthew Rosenbaum <matthew.rosenbaum@utexas.edu>
Date:   Wed Nov 16 13:38:40 2016 -0600

    fixing coverage to actually run the test.py file

commit a7da478c7976ed708c726c616a25f704aab978cd
Author: Matthew Rosenbaum <matthew.rosenbaum@utexas.edu>
Date:   Wed Nov 16 13:30:42 2016 -0600

    added coverage to makefile and travis

commit fc5f96f4ef3e32b487bb0fc9af705977ce463b82
Author: Matthew Rosenbaum <matthew.rosenbaum@utexas.edu>
Date:   Wed Nov 16 13:12:51 2016 -0600

    really tho

commit e5910ed4b3ab977bbd9a8d5b7be20f33a0ced86b
Merge: b99746f df20756
Author: Rambo Wu <wurambo@utexas.edu>
Date:   Wed Nov 16 13:10:21 2016 -0600

    Merge branch 'master' of https://github.com/kethomas/SWEetOutdoors-dev

commit b99746f8b1aeaf35f88d55e9ca980683c9ae2a6d
Author: Rambo Wu <wurambo@utexas.edu>
Date:   Wed Nov 16 13:10:16 2016 -0600

    added no image pic

commit df20756c0c99324a287ef71fe70425649479083f
Author: Matthew Rosenbaum <matthew.rosenbaum@utexas.edu>
Date:   Wed Nov 16 13:08:54 2016 -0600

    jk on that last one, this one will work

commit e01c9f46b380038b21c6af62de92e7e45127bb3c
Author: Matthew Rosenbaum <matthew.rosenbaum@utexas.edu>
Date:   Wed Nov 16 13:05:08 2016 -0600

    This one will work for sure

commit 7342115cab1bd3738e958aaf60165325ee892d97
Author: Matthew Rosenbaum <matthew.rosenbaum@utexas.edu>
Date:   Wed Nov 16 13:01:56 2016 -0600

    hopefully fixing travis.yml

commit f056f83c01bf54a9dd097a814763607d67dde3b8
Author: Matthew Rosenbaum <matthew.rosenbaum@utexas.edu>
Date:   Wed Nov 16 12:56:29 2016 -0600

    udated travis file, cross your fingers

commit 47dc8d2c91e35f580da84559bb675735aaa0c853
Merge: 5083f82 89de6da
Author: Didi Crous <didicrous@gmail.com>
Date:   Wed Nov 16 12:46:49 2016 -0600

    asdf

commit 89de6da9310395392cdbd03779fd5db9f82fa5ef
Merge: f28ad6e c4541b5
Author: Rambo Wu <wurambo@utexas.edu>
Date:   Wed Nov 16 12:45:45 2016 -0600

    Merge branch 'master' of https://github.com/kethomas/SWEetOutdoors-dev

commit 5083f828331c5bfb9ba4d60662c2c54e280b2f50
Author: Didi Crous <didicrous@gmail.com>
Date:   Wed Nov 16 12:45:42 2016 -0600

    starting to add search functionality to __init__.py

commit f28ad6e70f7d30be16ca69608c70b7eb1bd2963d
Author: Rambo Wu <wurambo@utexas.edu>
Date:   Wed Nov 16 12:45:39 2016 -0600

    fixed tables

commit c4541b506749a7c21725fbdd33e04868b0622076
Merge: 185c749 b80dacb
Author: Matthew Rosenbaum <matthew.rosenbaum@utexas.edu>
Date:   Wed Nov 16 12:43:56 2016 -0600

    Merge branch 'master' of https://github.com/kethomas/SWEetOutdoors-dev

commit 185c749e888aaf5a39040f968fecd09be556b421
Author: Matthew Rosenbaum <matthew.rosenbaum@utexas.edu>
Date:   Wed Nov 16 12:43:33 2016 -0600

    travis requirements

commit b80dacbbd3b394fdc0bf6fd6e26a4fcf34fbbce7
Author: Kirsten Thomas <kirsten.thomas@utexas.edu>
Date:   Wed Nov 16 12:43:32 2016 -0600

    adding link to presentation

commit b02691c3b9f58b2eeba781bcba13a86086c21601
Author: root <root@ip-172-31-0-146.us-west-2.compute.internal>
Date:   Wed Nov 16 18:37:33 2016 +0000

    added route to visualization page

commit aad25f6b3f673d45139d65bddbe2dd32c93b6251
Merge: 8eeb949 cda3791
Author: Kirsten Thomas <kirsten.thomas@utexas.edu>
Date:   Wed Nov 16 12:29:35 2016 -0600

    Merge branch 'master' of https://github.com/kethomas/SWEetOutdoors-dev

commit 8eeb9493ba926ca33cf38ff47b8435acf83d2046
Author: Kirsten Thomas <kirsten.thomas@utexas.edu>
Date:   Wed Nov 16 12:29:24 2016 -0600

    updated Campground API link, added visualization page

commit cda3791c3f3364029c3dd2b31b2652e8db8df11e
Author: root <root@ip-172-31-0-146.us-west-2.compute.internal>
Date:   Wed Nov 16 18:26:48 2016 +0000

    fixed makefile to reflect new file structure

commit c8f94a0d055f8aac3938b964577ddff87e3ed133
Author: Rambo Wu <wurambo@utexas.edu>
Date:   Wed Nov 16 12:21:18 2016 -0600

    made changes

commit 4328908fb2cb95de9d90268be5c0d31f226cb56d
Merge: 63c2b74 99faf57
Author: Rambo Wu <wurambo@utexas.edu>
Date:   Wed Nov 16 12:18:03 2016 -0600

    Merge branch 'master' of https://github.com/kethomas/SWEetOutdoors-dev

commit 63c2b741cd3d034bd1bb6238fd6586845723762c
Author: Rambo Wu <wurambo@utexas.edu>
Date:   Wed Nov 16 12:17:54 2016 -0600

    fixed default phone number for camp table

commit 99faf57dd1ffa6dd367b9ad0bcd8e1a785a5d287
Author: root <root@ip-172-31-0-146.us-west-2.compute.internal>
Date:   Wed Nov 16 06:48:15 2016 +0000

    'make log' make target creates IDB3.log, removed logs from old projects

commit 4734169569c4dbf014cc39bfabda6f04c90b1baa
Merge: cbe49b2 b562c31
Author: root <root@ip-172-31-0-146.us-west-2.compute.internal>
Date:   Wed Nov 16 06:32:01 2016 +0000

    Merge branch 'master' of https://github.com/kethomas/SWEetOutdoors-dev

commit cbe49b28fb8258ecc08fc739ec9989fba96456b4
Author: root <root@ip-172-31-0-146.us-west-2.compute.internal>
Date:   Wed Nov 16 06:31:44 2016 +0000

    'make html' make target creates IDB3.html from app/models.py

commit b562c313f8c893242264ae9cc8cf9701362eecea
Merge: 2f6e1c5 1627d17
Author: Didi Crous <didicrous@example.com>
Date:   Wed Nov 16 00:06:23 2016 -0600

    Merge branch 'master' of https://github.com/kethomas/SWEetOutdoors-dev

commit 2f6e1c5b0ee520044c6b28870469efcdd0d9c2ea
Author: Didi Crous <didicrous@example.com>
Date:   Wed Nov 16 00:06:13 2016 -0600

    backend for search functionality

commit 1627d17bc90bce06b75ea91eb7491ea24587f0c7
Author: root <root@ip-172-31-0-146.us-west-2.compute.internal>
Date:   Wed Nov 16 05:56:22 2016 +0000

    gitignore update

commit 2d37f13f91b7959dbf5f9e19533dfd0019b7a168
Author: root <root@ip-172-31-0-146.us-west-2.compute.internal>
Date:   Wed Nov 16 05:55:55 2016 +0000

    Re-created testmodels.py, 'make test' makefile target works

commit 6a4e3ea0c54ce78e111759bb3e9d22bcb626e834
Author: Rambo Wu <wurambo@utexas.edu>
Date:   Tue Nov 15 20:54:25 2016 -0600

    fefe

commit 9165d50af1f8c656e1e78aa44565940a19308a40
Author: root <root@ip-172-31-0-146.us-west-2.compute.internal>
Date:   Wed Nov 16 02:11:08 2016 +0000

    deleted aws key wtf was i thinking

commit 1dfb2609b5a5fc5dc07ab702b11793d0a51be301
Author: Rambo Wu <wurambo@utexas.edu>
Date:   Tue Nov 15 20:03:18 2016 -0600

    deleted final stuff

commit b00264385c9e947d586f048135fb156580f69fb2
Author: Rambo Wu <wurambo@utexas.edu>
Date:   Tue Nov 15 20:02:25 2016 -0600

    deleted stuff

commit d4402f92fd32d1a9cdd8dfe1f1844f5347a35e00
Author: Rambo Wu <wurambo@utexas.edu>
Date:   Tue Nov 15 19:52:13 2016 -0600

    deleted stylesheets bruh

commit 0542f75235cf75ec162a93f2ccab7c467fc5814e
Author: Rambo Wu <wurambo@utexas.edu>
Date:   Tue Nov 15 19:09:39 2016 -0600

    did stuff i think

commit 46aa0b5eecc4090d5ac5edb97831b1d39c9b94ec
Author: Rambo Wu <wurambo@utexas.edu>
Date:   Tue Nov 15 02:06:23 2016 -0600

    f

commit bc5e5fa4da60dabfa03de5e9fe4309b7760ee3c0
Author: Rambo Wu <wurambo@utexas.edu>
Date:   Tue Nov 15 02:04:49 2016 -0600

    f

commit 8c82a39e9126c466b1c7b3da041f7bb7b369d95c
Author: Rambo Wu <wurambo@utexas.edu>
Date:   Tue Nov 15 02:01:54 2016 -0600

    some changes b4 i sleep

commit 43f83edfe269492279103750e469afb26515555c
Author: root <root@ip-172-31-0-146.us-west-2.compute.internal>
Date:   Tue Nov 15 07:58:03 2016 +0000

    added no nearby to parks

commit 317536b679387359037122b5b9860b3285d983e3
Merge: 7804b50 4143565
Author: root <root@ip-172-31-0-146.us-west-2.compute.internal>
Date:   Tue Nov 15 07:20:21 2016 +0000

    Merge branch 'master' of https://github.com/kethomas/SWEetOutdoors-dev

commit 41435655bcee37c15cc12b481453fd6368b13938
Author: Rambo Wu <wurambo@utexas.edu>
Date:   Tue Nov 15 01:20:04 2016 -0600

    test

commit 7804b508565f2facf8b59a1cc075dc6729623015
Merge: 01dd68a 7297d16
Author: root <root@ip-172-31-0-146.us-west-2.compute.internal>
Date:   Tue Nov 15 07:16:36 2016 +0000

    Merge branch 'master' of https://github.com/kethomas/SWEetOutdoors-dev

commit 7297d1626aee3ce302cce4428c373394523f8fb5
Author: Rambo Wu <wurambo@utexas.edu>
Date:   Tue Nov 15 01:15:40 2016 -0600

    testing parks table

commit 3843356a8105e362029677344f79c0bfa78e9651
Author: Rambo Wu <wurambo@utexas.edu>
Date:   Tue Nov 15 01:02:56 2016 -0600

    events table done i think its kinda clumpy but idk dawg

commit c9f1262990b816110a76e1322f6c99cca8825158
Author: Rambo Wu <wurambo@utexas.edu>
Date:   Tue Nov 15 00:56:42 2016 -0600

    campgrounds done fosho i think

commit 17e9c3d42d911a692b670842ede426fb7b0f301c
Merge: c70f8e7 5f04e7d
Author: Didi Crous <didicrous@gmail.com>
Date:   Mon Nov 14 17:53:40 2016 -0600

    Merge branch 'master' of https://github.com/kethomas/SWEetOutdoors-dev

commit c70f8e73bd7845c088bff68214f3482723b9fd74
Author: Didi Crous <didicrous@gmail.com>
Date:   Mon Nov 14 17:53:11 2016 -0600

    added search.html

commit 5f04e7d1129acd68b0ea701e928769ff042f672e
Merge: 445763c 89cb8b0
Author: Elizabeth Haynes <ej2h@cs.utexas.edu>
Date:   Mon Nov 14 17:37:02 2016 -0600

    Merge branch 'master' of https://github.com/kethomas/SWEetOutdoors-dev

commit 445763c9d8c094a10b29dfc3d3c1665da4347e1c
Author: Elizabeth Haynes <ej2h@cs.utexas.edu>
Date:   Mon Nov 14 17:36:52 2016 -0600

    fixed small thing on about page for mobile, added comments to __init__.py and made pydoc file

commit 89cb8b007500e88384e9e3894d2d3ba3b6849fd2
Author: Rambo Wu <wurambo@utexas.edu>
Date:   Mon Nov 14 16:37:37 2016 -0600

    fixed state stuff

commit 01dd68a1b7a7b61003e2c3d44a45758efe702315
Merge: 571a89d b64c372
Author: root <root@ip-172-31-0-146.us-west-2.compute.internal>
Date:   Mon Nov 14 22:17:42 2016 +0000

    Merge branch 'master' of https://github.com/kethomas/SWEetOutdoors-dev

commit b64c372191d5ada6415a5cbd173e715f3ae99560
Merge: b6a389b 723e2b0
Author: Rambo Wu <wurambo@utexas.edu>
Date:   Mon Nov 14 16:17:16 2016 -0600

    Merge branch 'master' of https://github.com/kethomas/SWEetOutdoors-dev

commit b6a389be240ffcfce2a8bf4654ee17a1e467be8b
Author: Rambo Wu <wurambo@utexas.edu>
Date:   Mon Nov 14 16:17:10 2016 -0600

    added stuff

commit 571a89dee0c3b6e1c3be350c22f72555e913b7eb
Merge: dd559ed 723e2b0
Author: root <root@ip-172-31-0-146.us-west-2.compute.internal>
Date:   Mon Nov 14 22:15:53 2016 +0000

    Merge branch 'master' of https://github.com/kethomas/SWEetOutdoors-dev

commit dd559edfbc7b71d39d3d893ac0c761195f0aae73
Author: Ubuntu <ubuntu@ip-172-31-0-146.us-west-2.compute.internal>
Date:   Mon Nov 14 22:15:19 2016 +0000

    added make file

commit 723e2b09914373b2b9a7c226e4d02f8910f3ea5f
Author: Ali Darwiche <darwiche2005@utexas.edu>
Date:   Mon Nov 14 15:43:50 2016 -0600

    added angularjs to all templates

commit 77b78110260cb20441b9ec0a9eb5c77a7ddf0fd9
Merge: 0b39152 0f7ed97
Author: Ali Darwiche <darwiche2005@utexas.edu>
Date:   Mon Nov 14 15:21:51 2016 -0600

    Merge branch 'master' of https://github.com/kethomas/SWEetOutdoors-dev

commit 0b391524cbeb361f84d74a288f4d9108e4067661
Author: Ali Darwiche <darwiche2005@utexas.edu>
Date:   Mon Nov 14 15:21:23 2016 -0600

    imported angularjs into parkstemplate

commit 0f7ed97d2162c2b0b20c420a6ee8ddadfb95c7ce
Author: Ali <darwiche2005@utexas.edu>
Date:   Mon Nov 14 15:00:12 2016 -0600

    Transferring API Description file from Apiary.io

commit 693f66c107a66238416ce7569a112695ae3aeb8d
Merge: 2e93677 dfea66e
Author: Ali Darwiche <darwiche2005@utexas.edu>
Date:   Mon Nov 14 14:53:03 2016 -0600

    Merge branch 'master' of https://github.com/kethomas/SWEetOutdoors-dev

commit dfea66ea0b58d8c554b5afc9516981e7ce137eff
Author: wurambo <wurambo@utexas.edu>
Date:   Mon Nov 14 13:14:47 2016 -0600

    Update Things to do

commit d81a0bb22a8263cbfa23da8ddc9947d5f1b6480c
Author: wurambo <wurambo@utexas.edu>
Date:   Mon Nov 14 12:54:20 2016 -0600

    Update Things to do

commit aadccd3796e1d35663281fa859b8bd1bb7d75f60
Author: Elizabeth Haynes <ej2h@cs.utexas.edu>
Date:   Sun Nov 13 18:59:24 2016 -0600

    got rid of instance folders, brought instance templates into main templates folder

commit e103562b1149b4ba9692c32f4c4fd72496a6c086
Merge: 9c38327 42528ea
Author: Elizabeth Haynes <ej2h@cs.utexas.edu>
Date:   Sun Nov 13 18:56:29 2016 -0600

    Merge branch 'master' of https://github.com/kethomas/SWEetOutdoors-dev

commit 9c38327583db15bd54c4c7f49688a2e6dacbae8d
Author: Elizabeth Haynes <ej2h@cs.utexas.edu>
Date:   Sun Nov 13 18:56:19 2016 -0600

    fixed event routing from state and added search to template pages

commit 42528ea3b9eb676f8166bace54f6160a31b70e90
Author: Kirsten Thomas <kirsten.thomas@utexas.edu>
Date:   Sun Nov 13 18:46:04 2016 -0600

    added button to carousel to navigate to all slides

commit 325ed1367fd40187c66542c6f5c7f7a05fb3dfde
Merge: a2e8891 3b81c5e
Author: Kirsten Thomas <kirsten.thomas@utexas.edu>
Date:   Sun Nov 13 18:38:34 2016 -0600

    Merge branch 'master' of https://github.com/kethomas/SWEetOutdoors-dev

commit a2e8891cc780b12bb9204f4dc8a92c5080ed0f6c
Author: Kirsten Thomas <kirsten.thomas@utexas.edu>
Date:   Sun Nov 13 18:38:06 2016 -0600

    updating campgrounds instance to have state and state park cards, took away static picture

commit 3b81c5e23be13e3291a2ebef76af729e4cde458e
Merge: 512dfc6 a17ab6f
Author: Elizabeth Haynes <ej2h@cs.utexas.edu>
Date:   Sun Nov 13 18:36:59 2016 -0600

    Merge branch 'master' of https://github.com/kethomas/SWEetOutdoors-dev

commit 512dfc69320a4635c3467af5cf6d2b24e0e66e70
Author: Elizabeth Haynes <ej2h@cs.utexas.edu>
Date:   Sun Nov 13 18:36:48 2016 -0600

    fixed parks and states template other than hiding events

commit 2e936776ccfbca14d4a1532426bc7417f43a3164
Merge: 3861559 a17ab6f
Author: Ali Darwiche <darwiche2005@utexas.edu>
Date:   Sun Nov 13 18:11:34 2016 -0600

    Merge branch 'master' of https://github.com/kethomas/SWEetOutdoors-dev

commit a17ab6fbb487398e0043f682be864188e4b93546
Author: Kirsten Thomas <kirsten.thomas@utexas.edu>
Date:   Sun Nov 13 18:10:27 2016 -0600

    adding state card to event instance page

commit 0c3f45c8e85ba2b23a31688e1f69b8aea571e61b
Author: Kirsten Thomas <kirsten.thomas@utexas.edu>
Date:   Sun Nov 13 17:47:54 2016 -0600

    reformatting about page stats information

commit 3861559c50059f7bf21a53c28aa8f1d7cc08dc58
Merge: eca14c7 c616996
Author: Ali Darwiche <darwiche2005@utexas.edu>
Date:   Sun Nov 13 17:41:41 2016 -0600

    Merge branch 'master' of https://github.com/kethomas/SWEetOutdoors-dev

commit c61699683e1d49141365c36a25ae456726a079fc
Author: Kirsten Thomas <kirsten.thomas@utexas.edu>
Date:   Sun Nov 13 17:40:50 2016 -0600

    re-centering tables on parks and events pages

commit 2aed02017ede022c7b0357008c8fe55f87621822
Merge: e5c6281 2d62d4d
Author: Kirsten Thomas <kirsten.thomas@utexas.edu>
Date:   Sun Nov 13 17:26:59 2016 -0600

    Merge branch 'master' of https://github.com/kethomas/SWEetOutdoors-dev

commit eca14c75fcb1472f73ce112ea0dd8bce32cb500f
Author: Ali Darwiche <darwiche2005@utexas.edu>
Date:   Sun Nov 13 17:26:57 2016 -0600

    updated events table

commit e5c628147a95e0912c84927ca0f311b53694cf65
Author: Kirsten Thomas <kirsten.thomas@utexas.edu>
Date:   Sun Nov 13 17:26:18 2016 -0600

    taking away email column on campgrounds table

commit 2d62d4d10436cd8135e2a71b2807264665795a8b
Author: alidarwiche <alidarwiche@users.noreply.github.com>
Date:   Sun Nov 13 17:25:38 2016 -0600

    Update Things to do

commit 4cb97f82a5f31597d394b44132850805c087ef93
Merge: d0a29fd 202259c
Author: Kirsten Thomas <kirsten.thomas@utexas.edu>
Date:   Sun Nov 13 17:01:42 2016 -0600

    Merge branch 'master' of https://github.com/kethomas/SWEetOutdoors-dev

commit d0a29fd02e07e7d42e958b19462f8d0802a771c0
Author: Kirsten Thomas <kirsten.thomas@utexas.edu>
Date:   Sun Nov 13 17:01:25 2016 -0600

    added initial search bar. no functionality yet

commit 202259c7e767fcc18b56cbcc7439e00041fb702e
Author: Ali <darwiche2005@utexas.edu>
Date:   Sun Nov 13 16:51:42 2016 -0600

    Transferring API Description file from Apiary.io

commit a6e8257752caf3676d7a83e053316c6cb29d3841
Merge: 023c93d dd79f87
Author: Kirsten Thomas <kirsten.thomas@utexas.edu>
Date:   Sun Nov 13 16:01:58 2016 -0600

    Merge branch 'master' of https://github.com/kethomas/SWEetOutdoors-dev

commit dd79f87574ab0a0a3f5f217520268861db858afb
Merge: 5fd5a52 d53131e
Author: Elizabeth Haynes <ej2h@cs.utexas.edu>
Date:   Fri Nov 11 19:18:53 2016 -0600

    Merge branch 'master' of https://github.com/kethomas/SWEetOutdoors-dev

commit 5fd5a52b3a257aa8507b016e1b1650892b8bf99d
Author: Elizabeth Haynes <ej2h@cs.utexas.edu>
Date:   Fri Nov 11 19:17:42 2016 -0600

    fixed event template page, working on parks

commit d53131e84c0fa57738e8787c6b9279ffbfd93d17
Author: root <root@ip-172-31-0-146.us-west-2.compute.internal>
Date:   Sat Nov 12 00:48:03 2016 +0000

    removed annoying warning from test models too

commit 6930ada11ed6950d0a9e65d89e868928794d44a2
Author: root <root@ip-172-31-0-146.us-west-2.compute.internal>
Date:   Sat Nov 12 00:45:17 2016 +0000

    got rid of annoying track modifications warning

commit 10de5423fdb5ff87b92b2a7e7246f7284d9f67f6
Merge: d5777d5 1d1d81c
Author: Matthew Rosenbaum <matthew.rosenbaum@utexas.edu>
Date:   Fri Nov 11 17:50:42 2016 -0600

    Merge branch 'master' of https://github.com/kethomas/SWEetOutdoors-dev

commit d5777d5d734f3cad933114439745fae39c0c0152
Author: Matthew Rosenbaum <matthew.rosenbaum@utexas.edu>
Date:   Fri Nov 11 17:50:22 2016 -0600

    updating makefile

commit 1d1d81c5ba0fc525878009256fc7e9b034a411ad
Author: Didi Crous <didicrous@gmail.com>
Date:   Fri Nov 11 16:58:28 2016 -0600

    successfully made get request

commit 5b7f8d0b65478baa17106a088520165419492e44
Merge: 3d863ff d47decc
Author: Didi Crous <didicrous@gmail.com>
Date:   Fri Nov 11 16:13:15 2016 -0600

    Merge branch 'master' of https://github.com/kethomas/SWEetOutdoors-dev

commit 3d863ffb1d1561bd9e9c6b6c757b020383d3c29f
Author: Didi Crous <didicrous@gmail.com>
Date:   Fri Nov 11 16:12:56 2016 -0600

    hey wassup hello

commit d47decc291168e16d36aa6fdd9a72497e8aafe53
Author: Matthew Rosenbaum <mat.g.rosen@gmail.com>
Date:   Fri Nov 11 16:12:37 2016 -0600

    Update Things to do
    
    Reflected what I did in the last 4 commits by deleting line items that have been fixed. I have also addressed this in the issue tracker.

commit 64f49eaf38fd27382be0f383a11b1c76321af059
Author: root <root@ip-172-31-0-146.us-west-2.compute.internal>
Date:   Fri Nov 11 21:52:41 2016 +0000

    parks now renders

commit 816d32eeb679716d908045ef0afb36fbd967a978
Author: root <root@ip-172-31-0-146.us-west-2.compute.internal>
Date:   Fri Nov 11 21:40:03 2016 +0000

    event template now renders again

commit e0e5ad09853cb1b0d34dcc002b72d76076fa3b63
Author: root <root@ip-172-31-0-146.us-west-2.compute.internal>
Date:   Fri Nov 11 21:18:50 2016 +0000

    HTML renders correctly for campgrounds, and states now shows new card without links

commit b8594fa8d47e77c957abdfda84b08493d84c37f6
Merge: 89f7a6d 9b1d3d6
Author: Matthew Rosenbaum <matthew.rosenbaum@utexas.edu>
Date:   Fri Nov 11 13:02:33 2016 -0600

    Merge branch 'master' of https://github.com/kethomas/SWEetOutdoors-dev

commit 89f7a6d0ebe2a6afe3421959482c6568316072bb
Author: Matthew Rosenbaum <matthew.rosenbaum@utexas.edu>
Date:   Fri Nov 11 13:01:54 2016 -0600

    HTML description for campgrounds should work now

commit 9b1d3d66864c62be18e9be5d2de77be24094e978
Author: wurambo <wurambo@utexas.edu>
Date:   Fri Nov 11 12:17:08 2016 -0600

    Update Things to do

commit 70b97373700fe1eab185a71b566bfa36df8ea1b0
Author: alidarwiche <alidarwiche@users.noreply.github.com>
Date:   Thu Nov 10 20:43:10 2016 -0600

    Add files via upload

commit 7b8353fb0fcca673f8f3b7749b3326a294a10ea9
Author: Elizabeth Haynes <ej2h@cs.utexas.edu>
Date:   Wed Nov 9 20:29:26 2016 -0600

    working mainly on parks table page- still very much a work in progress

commit 7d7b33758fba908fd7a2d0d8886548b83945d557
Author: Rambo Wu <RamboWu@Rambos-MacBook-Air.local>
Date:   Sun Nov 6 17:15:52 2016 -0600

    fix

commit ced7ec9f8727508adae583d077afecdf36d0647e
Author: Rambo Wu <RamboWu@Rambos-MacBook-Air.local>
Date:   Sun Nov 6 16:20:08 2016 -0600

    matched our api calls to apiary documentation

commit a35b0d8c4829b4fae22ea8b3fe03747737bf994c
Author: Rambo Wu <RamboWu@Rambos-MacBook-Air.local>
Date:   Sun Nov 6 15:38:15 2016 -0600

    Fixed all API routing. It all fuqin works

commit a4423ca97951078f55863b92f2cf9cda7f67acb2
Author: Rambo Wu <RamboWu@Rambos-MacBook-Air.local>
Date:   Sun Nov 6 14:51:50 2016 -0600

    it works holy shit

commit 13f3fd6342db97b361a6a5b2f23105fb7ae45cf7
Author: Rambo Wu <RamboWu@Rambos-MacBook-Air.local>
Date:   Sun Nov 6 14:33:25 2016 -0600

    fixin dis stupid ass api

commit 3f7c0d0adc536d9d16db1907c763faf5703523eb
Merge: 5787b09 ba070d9
Author: Rambo Wu <RamboWu@Rambos-MacBook-Air.local>
Date:   Sun Nov 6 14:17:26 2016 -0600

    Merge branch 'master' of https://github.com/kethomas/SWEetOutdoors-dev

commit 5787b09f948e92fac75c5deb5172dee763fa4989
Author: Ubuntu <ubuntu@ip-172-31-0-146.us-west-2.compute.internal>
Date:   Fri Nov 4 18:45:27 2016 +0000

    commented out column name upcoming event

commit 8b0868288b3bdf4cd2f1927aeeb5b63e54379b52
Author: Ubuntu <ubuntu@ip-172-31-0-146.us-west-2.compute.internal>
Date:   Fri Nov 4 18:07:49 2016 +0000

    changes

commit e0b52c55de080616fc658ce6b8e37543835985eb
Author: Elizabeth Haynes <ej2h@cs.utexas.edu>
Date:   Thu Nov 3 22:01:55 2016 -0500

    took park column off events table page

commit ba070d94703c101770f5193503b760aa4884a0bb
Author: Ubuntu <ubuntu@ip-172-31-0-146.us-west-2.compute.internal>
Date:   Fri Nov 4 18:45:27 2016 +0000

    commented out column name upcoming event

commit 40880830262e7b4890f4c4b63cea30a255f7e191
Author: Ubuntu <ubuntu@ip-172-31-0-146.us-west-2.compute.internal>
Date:   Fri Nov 4 18:07:49 2016 +0000

    changes

commit 1a1b7b601afad0c1ad1678ba4151568fdbed8a71
Merge: 49e8d42 68510c7
Author: Elizabeth Haynes <ej2h@cs.utexas.edu>
Date:   Thu Nov 3 22:02:10 2016 -0500

    Merge branch 'master' of https://github.com/kethomas/SWEetOutdoors-dev

commit 49e8d42f82bf9bf8c3ef86825d9955288a50918d
Author: Elizabeth Haynes <ej2h@cs.utexas.edu>
Date:   Thu Nov 3 22:01:55 2016 -0500

    took park column off events table page

commit 9b4e97699d8c145ff769d32131a595ccec5223ac
Author: Rambo Wu <RamboWu@wireless-10-147-134-50.public.utexas.edu>
Date:   Thu Nov 3 21:57:33 2016 -0500

    log

commit 14e60bbd564111b9e3ac116ca3053921ffeec7e0
Merge: 6bde07f 68510c7
Author: wurambo <wurambo@utexas.edu>
Date:   Thu Nov 3 21:56:05 2016 -0500

    Merge pull request #55 from kethomas/master
    
    merge to master

commit 68510c7c2382230d7a87f4b7f6f5b6442f2f2f1d
Author: alidarwiche <alidarwiche@users.noreply.github.com>
Date:   Thu Nov 3 21:54:32 2016 -0500

    Update __init__.py

commit 0847e4f6681d3ac99d39f00812d55eec7c5772f9
Author: Ali Darwiche <darwiche2005@utexas.edu>
Date:   Thu Nov 3 21:51:47 2016 -0500

    fuck me

commit 023c93dd9dbdf4d0af490d90ef97d3c4446b12ba
Author: Kirsten Thomas <kirsten.thomas@utexas.edu>
Date:   Thu Nov 3 21:44:00 2016 -0500

    adding log

commit 8883b1236ba23a18d7fcff6dd406722a912dc30e
Author: Kirsten Thomas <kirsten.thomas@utexas.edu>
Date:   Thu Nov 3 21:40:51 2016 -0500

    fixing columns

commit 3f3a6a0973d5ac8f42ba4ce8fb79f75a80c27900
Merge: 4e8d687 80c3fa2
Author: Kirsten Thomas <kirsten.thomas@utexas.edu>
Date:   Thu Nov 3 21:38:50 2016 -0500

    Merge branch 'master' of https://github.com/kethomas/SWEetOutdoors-dev

commit 80c3fa232bfb09c94bb567cd42d6ad01fc80e94c
Author: Ali Darwiche <darwiche2005@utexas.edu>
Date:   Thu Nov 3 21:38:04 2016 -0500

    aslkjfd

commit 425e2e96bf396394ad2600f76ce053609b9fc14a
Author: Ali Darwiche <darwiche2005@utexas.edu>
Date:   Thu Nov 3 21:35:42 2016 -0500

    campgrounds table works

commit 4e8d687714189827d0451850929604b4807e940f
Merge: e152bab 844c8ef
Author: Elizabeth Haynes <ej2h@cs.utexas.edu>
Date:   Thu Nov 3 21:32:35 2016 -0500

    Merge branch 'master' of https://github.com/kethomas/SWEetOutdoors-dev

commit e152bab39989e3a134790b2feb99a1d22ffcf03c
Author: Elizabeth Haynes <ej2h@cs.utexas.edu>
Date:   Thu Nov 3 21:32:08 2016 -0500

    modified events table to have state, modified event instance to get data from database

commit 844c8eff23370506c4e4e537f8c05b981c355102
Merge: 9682bbf 5424cc1
Author: Kirsten Thomas <kirsten.thomas@utexas.edu>
Date:   Thu Nov 3 21:29:36 2016 -0500

    Merge branch 'master' of https://github.com/kethomas/SWEetOutdoors-dev

commit 9682bbf27dfb55254e1cde9ed6f1bae3d62e43ee
Author: Kirsten Thomas <kirsten.thomas@utexas.edu>
Date:   Thu Nov 3 21:29:23 2016 -0500

    editing templates

commit 5424cc194aa6886ef686d460b1b4028fb3aad684
Merge: f8985bf 2bfad78
Author: Ali Darwiche <darwiche2005@utexas.edu>
Date:   Thu Nov 3 21:15:29 2016 -0500

    Merge branch 'master' of https://github.com/kethomas/SWEetOutdoors-dev

commit f8985bfb6c489400558b04e6f7baf723564f224b
Author: Ali Darwiche <darwiche2005@utexas.edu>
Date:   Thu Nov 3 21:15:11 2016 -0500

    hello events table

commit 2bfad78fe7e5b4e3e24fb4039f3fcc130fe6c44a
Merge: 1e8d315 5a69c16
Author: Kirsten Thomas <kirsten.thomas@utexas.edu>
Date:   Thu Nov 3 21:11:44 2016 -0500

    Merge branch 'master' of https://github.com/kethomas/SWEetOutdoors-dev

commit 1e8d3152a3d6a209ab3186194b1493a3fad42a1e
Author: Kirsten Thomas <kirsten.thomas@utexas.edu>
Date:   Thu Nov 3 21:11:27 2016 -0500

    adding way to run unit tests

commit 5a69c169f747f30a989db5e6e6703476874d5ec1
Author: Asad <syed.asad.mahdi@utexas.edu>
Date:   Thu Nov 3 21:08:00 2016 -0500

    something

commit 0f6749390097ac854ef368dafeb188ed1b46349a
Author: Asad <syed.asad.mahdi@utexas.edu>
Date:   Thu Nov 3 21:06:37 2016 -0500

    asdsa

commit 8662a683fd3eb490964c6803068f7ac6f1104b3a
Merge: f3a3ed7 0a03afc
Author: Elizabeth Haynes <ej2h@cs.utexas.edu>
Date:   Thu Nov 3 20:53:57 2016 -0500

    Merge branch 'master' of https://github.com/kethomas/SWEetOutdoors-dev

commit f3a3ed71a756014ae081466edbdfc510b95ae4f7
Author: Elizabeth Haynes <ej2h@cs.utexas.edu>
Date:   Thu Nov 3 20:53:41 2016 -0500

    updated event table page to pull from database

commit 0a03afc5e662bd5ac3895ffbcfbdeb6bbf6113fc
Author: Kirsten Thomas <kirsten.thomas@utexas.edu>
Date:   Thu Nov 3 20:51:01 2016 -0500

    adding stuff in html for dynamic loading

commit f5400c1fff484ba2d4bd5c3aa9b5e0e0ac693772
Merge: 1f7927f 9cf80d9
Author: Ali Darwiche <darwiche2005@utexas.edu>
Date:   Thu Nov 3 20:30:23 2016 -0500

    Merge branch 'master' of https://github.com/kethomas/SWEetOutdoors-dev

commit 1f7927f96edbba651c629c29b0d7674735a05c77
Author: Ali Darwiche <darwiche2005@utexas.edu>
Date:   Thu Nov 3 20:29:48 2016 -0500

    crying

commit 9cf80d9d0f66128720ee19952de3d32d5a6b2f88
Merge: 97819f0 0d20baa
Author: Rambo Wu <RamboWu@wireless-10-147-134-50.public.utexas.edu>
Date:   Thu Nov 3 19:40:19 2016 -0500

    Merge branch 'master' of https://github.com/kethomas/SWEetOutdoors-dev

commit 97819f0e0aa7c4c9375b5e6d60c0d1258b9dc9a9
Author: Rambo Wu <RamboWu@wireless-10-147-134-50.public.utexas.edu>
Date:   Thu Nov 3 19:39:46 2016 -0500

    changed api and models

commit 0d20baa1be3926a45b9bba4fd3153e2bf7db9d30
Author: Asad <syed.asad.mahdi@utexas.edu>
Date:   Thu Nov 3 19:33:32 2016 -0500

    mod yml

commit 0594ecf3e1f80af8b1f1e397efa961052b328012
Merge: c50bd28 f6223aa
Author: Ali Darwiche <darwiche2005@utexas.edu>
Date:   Thu Nov 3 19:25:27 2016 -0500

    Merge branch 'master' of https://github.com/kethomas/SWEetOutdoors-dev

commit c50bd285b98bd4e3b80062cd828f59315325a822
Author: Ali Darwiche <darwiche2005@utexas.edu>
Date:   Thu Nov 3 19:23:20 2016 -0500

    tried to route hyperlinks

commit f6223aa1669176d02c8b8f7ff0644519abda4845
Merge: 1449800 5eea0e1
Author: Kirsten Thomas <kirsten.thomas@utexas.edu>
Date:   Thu Nov 3 18:45:34 2016 -0500

    Merge branch 'master' of https://github.com/kethomas/SWEetOutdoors-dev
    unit tests

commit 1449800c274399fd50873ec3dd33378fc9886c8a
Author: Kirsten Thomas <kirsten.thomas@utexas.edu>
Date:   Thu Nov 3 18:45:05 2016 -0500

    wrote unit testsgit status!

commit 5eea0e1ea7df279bdd7f5a7b65220e1d9bac9136
Author: Ali Darwiche <darwiche2005@utexas.edu>
Date:   Thu Nov 3 18:24:41 2016 -0500

    working on routing?

commit d4e896ad2b958dbb6851db940d4198138511fd98
Merge: fe38ac5 4565f0b
Author: Ali Darwiche <darwiche2005@utexas.edu>
Date:   Thu Nov 3 18:22:42 2016 -0500

    Merge branch 'master' of https://github.com/kethomas/SWEetOutdoors-dev

commit 4565f0b539f34f8d28a6820955dc22ad3e60186f
Author: Matthew Rosenbaum <matthew.rosenbaum@utexas.edu>
Date:   Thu Nov 3 17:25:11 2016 -0500

    sadsad

commit 5c1872d9f4a3e38a7df9ec4c02a930bd848fd138
Author: Matthew Rosenbaum <matthew.rosenbaum@utexas.edu>
Date:   Thu Nov 3 17:24:08 2016 -0500

    sdff

commit eb755d4e2ba7af40ccef6b1607788c093f47c846
Author: Matthew Rosenbaum <matthew.rosenbaum@utexas.edu>
Date:   Thu Nov 3 17:22:39 2016 -0500

    sdfsd

commit 6fd1cd60c60bb6b6662584adb3bca90f7830d035
Author: Matthew Rosenbaum <matthew.rosenbaum@utexas.edu>
Date:   Thu Nov 3 17:01:48 2016 -0500

    f

commit ea639f0dc911b70d70e8a4f711286094fa8117b8
Author: Matthew Rosenbaum <matthew.rosenbaum@utexas.edu>
Date:   Thu Nov 3 17:00:32 2016 -0500

    fsdffgd

commit a6f5a333d4f4d3c363faa281c90c720b9e6079e3
Author: Ubuntu <ubuntu@ip-172-31-0-146.us-west-2.compute.internal>
Date:   Thu Nov 3 21:51:14 2016 +0000

    fsu9fs

commit aae8d95e6941f3de72206c31de200900e91b8a95
Author: Matthew Rosenbaum <matthew.rosenbaum@utexas.edu>
Date:   Thu Nov 3 16:42:23 2016 -0500

    sdfdfgsdfgvs

commit ed1e4f19791c6df8a217799da87bd39f20e65a89
Author: Matthew Rosenbaum <matthew.rosenbaum@utexas.edu>
Date:   Thu Nov 3 16:39:28 2016 -0500

    j

commit d932e8861e13cf17ea994256805a49f1d7c67ea9
Author: Matthew Rosenbaum <matthew.rosenbaum@utexas.edu>
Date:   Thu Nov 3 16:36:55 2016 -0500

    fds

commit af8ce685cb7ec3e1cb38421aaa85f9e2dc1de7de
Author: Matthew Rosenbaum <matthew.rosenbaum@utexas.edu>
Date:   Thu Nov 3 16:34:38 2016 -0500

    fsdfsffsd

commit fefb6f62c9160ce5cec46c0c12a6c299a9ee7a8b
Author: Matthew Rosenbaum <matthew.rosenbaum@utexas.edu>
Date:   Thu Nov 3 16:27:48 2016 -0500

    stupid

commit 0e638e3e423b29d378abaa45521becea36b8bd52
Author: Matthew Rosenbaum <matthew.rosenbaum@utexas.edu>
Date:   Thu Nov 3 16:24:36 2016 -0500

    tabbing sucks, python sucks

commit b4ddd8b71b5c48454330cd4472311ed5fe6f291e
Author: Ubuntu <ubuntu@ip-172-31-0-146.us-west-2.compute.internal>
Date:   Thu Nov 3 21:16:50 2016 +0000

    update tests

commit fe38ac5dd1fc3f8c1fa685420fe89e8c93067185
Merge: 72e0daa 18cf0e7
Author: Ali Darwiche <darwiche2005@utexas.edu>
Date:   Thu Nov 3 16:02:12 2016 -0500

    Merge branch 'master' of https://github.com/kethomas/SWEetOutdoors-dev

commit 18cf0e7e707f5b5707360b784c5733733a878580
Author: Matthew Rosenbaum <matthew.rosenbaum@utexas.edu>
Date:   Thu Nov 3 15:29:35 2016 -0500

    tests, routing for tests, and updated gitignore

commit 9c28e45de684b6a9c20f56fcabeacd6963b52826
Author: Kirsten Thomas <kirsten.thomas@utexas.edu>
Date:   Thu Nov 3 15:23:52 2016 -0500

    Transferring API Description file from Apiary.io

commit 72e0daabd9e3702c30e4a0c56c9ae03608703ffc
Author: Ali Darwiche <darwiche2005@utexas.edu>
Date:   Thu Nov 3 15:20:45 2016 -0500

    pushing for matthew

commit bbaf65fb006487e44d8d1382a9683fdd5b5c8e0c
Author: Rambo Wu <RamboWu@wireless-10-147-134-50.public.utexas.edu>
Date:   Thu Nov 3 15:15:18 2016 -0500

    modified requirements.txt

commit 79f0bb31d364fe186eb6af6a612667b2da49c05b
Merge: 4d807e3 cf5c5a1
Author: Rambo Wu <RamboWu@wireless-10-147-134-50.public.utexas.edu>
Date:   Thu Nov 3 15:08:15 2016 -0500

    Merge branch 'master' of https://github.com/kethomas/SWEetOutdoors-dev

commit 4d807e3578dbd7d58cd0f73c1857d74eafde30d6
Merge: 5bf11e1 16525c1
Author: Rambo Wu <RamboWu@wireless-10-147-134-50.public.utexas.edu>
Date:   Thu Nov 3 15:08:12 2016 -0500

    hello

commit cf5c5a1a3882d08b3c928882b147ddc9feb44aea
Author: Kirsten Thomas <kirsten.thomas@utexas.edu>
Date:   Thu Nov 3 15:07:57 2016 -0500

    minor text fix on about page

commit 5bf11e1422756243a78a85259a5920b65d6ccf3b
Author: Rambo Wu <RamboWu@wireless-10-147-134-50.public.utexas.edu>
Date:   Thu Nov 3 15:06:54 2016 -0500

    fixed all scrapers and models like 99.9999% sure now

commit 16525c1e8d495edf1d9f8023b1db18f784eebedf
Author: Kirsten Thomas <kirsten.thomas@utexas.edu>
Date:   Thu Nov 3 15:05:51 2016 -0500

    updating commits and issues, still need to update unit tests

commit fb9fd26ee6b56e7ef70c1a3b740017930d013b44
Author: Elizabeth Haynes <ej2h@cs.utexas.edu>
Date:   Thu Nov 3 13:47:07 2016 -0500

    may or may not have helped with anything, attempted to work with routing- states and parks and __init__

commit bf3c1b18fd0defa5ea63eb8cc041efc04b64c1e8
Author: Rambo Wu <RamboWu@Rambos-MacBook-Air.local>
Date:   Thu Nov 3 13:28:41 2016 -0500

    campgrounds code change

commit 4fc92e43a2201f2393a5a023e739d97188c9ab8c
Merge: c37bfed 4f96bf6
Author: Rambo Wu <RamboWu@Rambos-MacBook-Air.local>
Date:   Thu Nov 3 13:21:33 2016 -0500

    Merge branch 'master' of https://github.com/kethomas/SWEetOutdoors-dev

commit c37bfed592c7602edb41c5e3d92822263b9eda03
Author: Rambo Wu <RamboWu@Rambos-MacBook-Air.local>
Date:   Thu Nov 3 13:21:12 2016 -0500

    fixed scrapers

commit 4f96bf67e8af2fc6e5e5dbdc3224a2dae831f01d
Merge: aebd0b0 432d502
Author: Ali Darwiche <darwiche2005@utexas.edu>
Date:   Thu Nov 3 00:41:14 2016 -0500

    Merge branch 'master' of https://github.com/kethomas/SWEetOutdoors-dev

commit aebd0b05947d686859da07ad9068f80287b1fe3d
Author: Ali Darwiche <darwiche2005@utexas.edu>
Date:   Thu Nov 3 00:38:07 2016 -0500

    States template mostly up

commit 432d50296b7e8ac521d357b850ea79958877c2d2
Author: Rambo Wu <RamboWu@Rambos-MacBook-Air.local>
Date:   Thu Nov 3 00:10:17 2016 -0500

    fixed wisconsin

commit 1da43bf34a196a59b87d07bc3871e11d23d23489
Merge: 3eae240 576a636
Author: Rambo Wu <RamboWu@Rambos-MacBook-Air.local>
Date:   Thu Nov 3 00:01:30 2016 -0500

    Merge branch 'master' of https://github.com/kethomas/SWEetOutdoors-dev

commit 3eae240fcfa3f261f8f65fb3f254208b53253465
Author: Rambo Wu <RamboWu@Rambos-MacBook-Air.local>
Date:   Thu Nov 3 00:01:17 2016 -0500

    fixed models and api-states

commit 576a636dde4ea0b9775704a22f5a9a0b3643d4e8
Author: Ali Darwiche <darwiche2005@utexas.edu>
Date:   Wed Nov 2 23:20:03 2016 -0500

    Rambo left me and i'm sad: working on states routing

commit 0b8b1f3fda1c510829859f7ee0fed2d7e0555199
Author: Matthew Rosenbaum <matthew.rosenbaum@utexas.edu>
Date:   Wed Nov 2 22:33:59 2016 -0500

    uncomment lines

commit 358e354a16d09f6630869ea96de7b9b8d5c52e72
Author: Elizabeth Haynes <ejjhaynes@users.noreply.github.com>
Date:   Wed Nov 2 21:27:05 2016 -0500

    FINAL finalized models

commit 5f98f346c339929c2564b3921594b6277c4730b2
Merge: 14f9ae4 a95eb5d
Author: Rambo Wu <RamboWu@wireless-10-147-65-175.public.utexas.edu>
Date:   Wed Nov 2 21:04:50 2016 -0500

    Merge branch 'master' of https://github.com/kethomas/SWEetOutdoors-dev

commit 14f9ae4b7e7d47dfbbd434dc9d8376e51fc460a5
Author: Rambo Wu <RamboWu@wireless-10-147-65-175.public.utexas.edu>
Date:   Wed Nov 2 21:04:45 2016 -0500

    fixed stuff

commit a95eb5df4664c4bf49c9bcdb0851c49b0384aa83
Author: Elizabeth Haynes <ejjhaynes@users.noreply.github.com>
Date:   Wed Nov 2 20:51:56 2016 -0500

    updated yUML with phase 2 finalized models

commit 2234c40e9cce0474033516c7c026483c342c36fa
Author: Rambo Wu <RamboWu@wireless-10-147-65-175.public.utexas.edu>
Date:   Wed Nov 2 20:30:02 2016 -0500

    changed models.py

commit 5517320dfb73e35d0b8070df93184791522d8b16
Author: Rambo Wu <RamboWu@wireless-10-147-65-175.public.utexas.edu>
Date:   Wed Nov 2 20:23:08 2016 -0500

    finished models.py FINALLY OMG

commit f17baf614594f928d58d14fd1b5449c172590667
Author: Rambo Wu <RamboWu@wireless-10-147-65-175.public.utexas.edu>
Date:   Wed Nov 2 19:31:39 2016 -0500

    fixed scrapers

commit 7324870f75b547b1ce94006a8c4e8cd0a08afbd3
Author: Elizabeth Haynes <ej2h@cs.utexas.edu>
Date:   Wed Nov 2 18:08:25 2016 -0500

    cleaned up a bit, commented out in init.py everything other than home page routing

commit 07eb21c0cb0582d8898d391feff09ab89b85bfd8
Author: Kirsten Thomas <kirsten.thomas@utexas.edu>
Date:   Wed Nov 2 16:54:19 2016 -0500

    trying to change color

commit ad12d1ed50f381b49ad6e473c470889de0e264f5
Author: Kirsten Thomas <kirsten.thomas@utexas.edu>
Date:   Wed Nov 2 16:39:01 2016 -0500

    changing carousel link area

commit f222ca5f0990ff5ed0bda68b1f3c27e73ab724b2
Author: Kirsten Thomas <kirsten.thomas@utexas.edu>
Date:   Wed Nov 2 16:21:36 2016 -0500

    changing carousel text color

commit 409c416b230968872c7c468035461599e095bd47
Author: Kirsten Thomas <kirsten.thomas@utexas.edu>
Date:   Wed Nov 2 16:09:49 2016 -0500

    adding links in carousel

commit 9dff4c43f174ab10666abc290ec1990ecf76ae83
Author: Kirsten Thomas <kirsten.thomas@utexas.edu>
Date:   Wed Nov 2 14:37:44 2016 -0500

    updating templates with events to be at bottom of second column

commit e2ee7ab6a1fe5e101c71567de2b0a1f3f029fb9c
Author: Asad <syed.asad.mahdi@utexas.edu>
Date:   Wed Nov 2 13:23:20 2016 -0500

    small change

commit 85986c2760c1eae2a6cc7a782d2fd61b04e65509
Author: Asad <syed.asad.mahdi@utexas.edu>
Date:   Wed Nov 2 13:17:05 2016 -0500

    Added js files mimicing the parks one

commit 715c939b90f24634bcaf1e1b18b98292d798316d
Merge: 8ff7a5a b1e67c2
Author: Rambo Wu <RamboWu@wireless-10-147-6-157.public.utexas.edu>
Date:   Tue Nov 1 23:38:15 2016 -0500

    Merge branch 'master' of https://github.com/kethomas/SWEetOutdoors-dev
    
    k

commit 8ff7a5a839aa5993572ac2407a98bea0aa541546
Merge: 254b372 d6705dd
Author: Rambo Wu <RamboWu@wireless-10-147-6-157.public.utexas.edu>
Date:   Tue Nov 1 23:38:03 2016 -0500

    Merge branch 'master' of https://github.com/kethomas/SWEetOutdoors-dev

commit 254b372af6d7a8a43c49b22022439e1a5a683a5e
Author: Rambo Wu <RamboWu@wireless-10-147-6-157.public.utexas.edu>
Date:   Tue Nov 1 23:37:56 2016 -0500

    got states and parks added, need 2 do campgrounds

commit b1e67c23d2772e98fe85252b1c7205fd22f3d191
Author: Kirsten Thomas <kirsten.thomas@utexas.edu>
Date:   Tue Nov 1 23:37:18 2016 -0500

    updated events API db filling

commit d6705ddc961ab6f6f15a0647897eb88d125d6452
Merge: 198880c 4be7935
Author: Didi Crous <didicrous@example.com>
Date:   Tue Nov 1 23:35:44 2016 -0500

    Merge branch 'master' of https://github.com/kethomas/SWEetOutdoors-dev

commit 198880ce219710f90e8eaeb07599c59cd85c4104
Author: Didi Crous <didicrous@example.com>
Date:   Tue Nov 1 23:35:37 2016 -0500

    dynamically loading in hardcoded data in parks.html

commit 4be7935e491b54aba40012dba15e9f5a022065fb
Author: Rambo Wu <RamboWu@wireless-10-147-6-157.public.utexas.edu>
Date:   Tue Nov 1 22:06:15 2016 -0500

    removed stuff

commit 3e61082fa3a24023b79d18973113fd847202609f
Author: Asad <syed.asad.mahdi@utexas.edu>
Date:   Tue Nov 1 21:59:38 2016 -0500

    Changed models to strings

commit 4d3c188742974204d1d77318b7800aa96e18f440
Merge: e54c71b 92cda29
Author: Asad <syed.asad.mahdi@utexas.edu>
Date:   Tue Nov 1 21:58:25 2016 -0500

    Merge branch 'master' of https://github.com/kethomas/SWEetOutdoors-dev

commit 92cda290a17c86d6d3e753f046150c7a9c38bf8b
Merge: 3f2ff5d 2616cd3
Author: Elizabeth Haynes <ej2h@cs.utexas.edu>
Date:   Tue Nov 1 21:56:02 2016 -0500

    trying to merge

commit 3f2ff5d38ecdab9462ebe8c1bab0043552e7fbb2
Author: Elizabeth Haynes <ej2h@cs.utexas.edu>
Date:   Tue Nov 1 21:50:52 2016 -0500

    campgrounds api file modified with bing for zipcode

commit e54c71b932c129a143a0b5c49ed7807696879cbb
Author: Asad <syed.asad.mahdi@utexas.edu>
Date:   Tue Nov 1 20:57:20 2016 -0500

    adding to the right place

commit 2616cd34f4d16f11a3a7193bba67de2a2628d934
Author: Ubuntu <ubuntu@ip-172-31-0-146.us-west-2.compute.internal>
Date:   Wed Nov 2 01:54:48 2016 +0000

    added statesAPI.py

commit cf89161aa4e1329166a678a362cadb9aca8aea24
Author: Asad <syed.asad.mahdi@utexas.edu>
Date:   Tue Nov 1 20:30:41 2016 -0500

    db functionality

commit c70c5d11edc148b22d411a8956bdfa749c821f17
Author: alidarwiche <alidarwiche@users.noreply.github.com>
Date:   Tue Nov 1 20:25:44 2016 -0500

    update events model

commit 741d32995229bac9ce0482173b2d2070c18730e8
Author: Rambo Wu <RamboWu@wireless-10-147-6-157.public.utexas.edu>
Date:   Tue Nov 1 20:20:58 2016 -0500

    fixed models

commit 333a5bbe67d7f3bf772a2caaf130917e7f1ae50e
Author: Asad <syed.asad.mahdi@utexas.edu>
Date:   Tue Nov 1 19:37:11 2016 -0500

    States is done hopefully

commit a7b2aefbb8b5995304208f5978acb2bfc0c62be4
Author: Didi Crous <didicrous@example.com>
Date:   Tue Nov 1 12:41:38 2016 -0500

    setting up structure to dynamically load in data with angular

commit 4d21d92ebf54c3dce27d3f748bd8847acb98f263
Merge: afda07a d35cb8f
Author: Rambo Wu <RamboWu@wireless-10-147-215-116.public.utexas.edu>
Date:   Mon Oct 31 22:23:58 2016 -0500

    Merge branch 'master' of https://github.com/kethomas/SWEetOutdoors-dev

commit afda07aae92fd4594a0cf73afb2f3d57e9368dfd
Author: Rambo Wu <RamboWu@wireless-10-147-215-116.public.utexas.edu>
Date:   Mon Oct 31 22:23:22 2016 -0500

    hi I am rambo from burman

commit d35cb8f584c8d15bc27cdd74f563d29924296afb
Author: Ali Darwiche <darwiche2005@utexas.edu>
Date:   Mon Oct 31 21:59:46 2016 -0500

    Finished events API

commit c2ff0d2dbcd621851131b20dd53baf10b2e46907
Author: Elizabeth Haynes <ej2h@cs.utexas.edu>
Date:   Mon Oct 31 21:02:27 2016 -0500

    creating static template pages, modified table pages, updated models.py, settled on attributes

commit 7eb57f215aa7e242b0e4b340d8052ca1075336d1
Author: Kirsten Thomas <kirsten.thomas@utexas.edu>
Date:   Mon Oct 31 15:27:27 2016 -0500

    extracting list of national parks

commit 063daefea50b4dd73fc3042e6a8553735d3da4fa
Author: Kirsten Thomas <kirsten.thomas@utexas.edu>
Date:   Sun Oct 30 22:09:34 2016 -0500

    using BeautifulSoup to get Alabama state parks list from Wikipedia

commit aa3d73a86aa05474c0a84d8da54138f76ad4f0b5
Author: Kirsten Thomas <kirsten.thomas@utexas.edu>
Date:   Sun Oct 30 21:31:25 2016 -0500

    adding initial parks API python file, going to use Wikipedia

commit 4891e961ac13b9c4fc22ff454250c4d7d7b016ba
Author: Elizabeth Haynes <ej2h@cs.utexas.edu>
Date:   Sun Oct 30 18:46:46 2016 -0500

    fixing some stuff on the About page

commit 06c9553c0042dd47c28d0f28372774a1aea42bb8
Merge: ee6ffb5 52749c4
Author: Elizabeth Haynes <ej2h@cs.utexas.edu>
Date:   Sun Oct 30 16:41:45 2016 -0500

    Merge branch 'master' of https://github.com/kethomas/SWEetOutdoors-dev

commit ee6ffb51749a537b7019ef0f964efdde25cb8b7b
Author: Elizabeth Haynes <ej2h@cs.utexas.edu>
Date:   Sun Oct 30 16:41:27 2016 -0500

    changed table sorting and added pagination

commit 52749c4a33a46aafdd9f5f42cc296e77a67fe4e8
Author: Asad <syed.asad.mahdi@utexas.edu>
Date:   Sun Oct 30 15:26:09 2016 -0500

    Media wiki file

commit cde92fd7948d38ba47bb13cb2c9f3ef3a45fe7de
Author: Elizabeth Haynes <ej2h@cs.utexas.edu>
Date:   Thu Oct 27 22:37:53 2016 -0500

    pulling campgrounds data from the api

commit 80b8c476c64926503f86a0e7cdab3284dc53fd22
Author: kethomas <kirsten.thomas@utexas.edu>
Date:   Mon Oct 24 15:25:03 2016 -0500

    fixed nav bar to be centered on all pages, added comments and organization to CSS, and hopefully fixed linking problem from campground instances

commit fbfd7973c4ffd606b052b8484805169ac084d833
Author: Rambo Wu <RamboWu@wireless-10-145-39-148.public.utexas.edu>
Date:   Fri Oct 21 13:19:22 2016 -0500

    added requirements.txt

commit 92d37fa1e6902d327107af8e89098ba94684c032
Author: Rambo Wu <RamboWu@wireless-10-145-39-148.public.utexas.edu>
Date:   Fri Oct 21 13:17:32 2016 -0500

    changing folder structure to work with aws

commit 40f4ff491f4710da8356854176695c61011c40c7
Author: Rambo Wu <RamboWu@wireless-10-145-39-148.public.utexas.edu>
Date:   Fri Oct 21 13:15:05 2016 -0500

    im just fixin sum stuffs

commit 6bde07f75c5762bab1e6365c5804392fc7789eef
Author: Ali Darwiche <darwiche2005@utexas.edu>
Date:   Thu Oct 20 21:57:48 2016 -0500

    log

commit c0571ab40e7967f909a90687e30c9f0436c01c0f
Merge: 6e3a867 ba24b43
Author: wurambo <wurambo@utexas.edu>
Date:   Thu Oct 20 21:53:34 2016 -0500

    Merge pull request #33 from kethomas/master
    
    doit

commit ba24b43e66f29de78e559076ae8bec4fc3ff3785
Author: alidarwiche <alidarwiche@users.noreply.github.com>
Date:   Thu Oct 20 21:12:55 2016 -0500

    Update apiary.apib

commit e81486aea8c214e8c830a204603506159318750f
Author: Rambo Wu <rambo.wu95@gmail.com>
Date:   Thu Oct 20 20:48:10 2016 -0500

    moved html file

commit d1b979e6845a28d0a0ee59cc4e30ee2ee4ca72d8
Author: Rambo Wu <rambo.wu95@gmail.com>
Date:   Thu Oct 20 20:45:36 2016 -0500

    Added pydoc html

commit dce2b7bf3bf374973699d237889335d41843ffaa
Author: Rambo Wu <rambo.wu95@gmail.com>
Date:   Thu Oct 20 20:35:43 2016 -0500

    fixed unit test

commit 8d641ad6e818574149a92492b0ee2f647dd77009
Author: Rambo Wu <rambo.wu95@gmail.com>
Date:   Thu Oct 20 20:23:02 2016 -0500

    Added travis file

commit 2efff787610a89ab7aff80ac650cf35064d7294f
Author: Rambo Wu <rambo.wu95@gmail.com>
Date:   Thu Oct 20 20:14:22 2016 -0500

    added makefil

commit faac32b15d71203981c0a29a2256ce3f01525021
Author: Rambo Wu <rambo.wu95@gmail.com>
Date:   Thu Oct 20 20:11:30 2016 -0500

    added other pycaches and ds_store to gitignore

commit 4de63d9631f746c42b9ff0c1ab1bb001e6db9aca
Author: Rambo Wu <rambo.wu95@gmail.com>
Date:   Thu Oct 20 20:09:22 2016 -0500

    Added unit tests

commit 86d52c283a75628d01ddd29391f89ccaa64c0412
Author: Rambo Wu <rambo.wu95@gmail.com>
Date:   Thu Oct 20 20:08:55 2016 -0500

    Added unit tests

commit 69763c10e134021ecfab60e0ac4f9eeba537feb0
Author: Rambo Wu <rambo.wu95@gmail.com>
Date:   Thu Oct 20 20:08:32 2016 -0500

    Added unit tests

commit de24a80802e4f1167ea870588f3f1404a8135f80
Author: Rambo Wu <rambo.wu95@gmail.com>
Date:   Thu Oct 20 20:07:33 2016 -0500

    Added unit tests

commit ce6621b0f6a2ab2e32e73b6905ad4c72da39ecb4
Author: Asad <syed.asad.mahdi@utexas.edu>
Date:   Thu Oct 20 19:54:56 2016 -0500

    fixed events table and about page

commit 9692d0adf4fcf8e6cd31ab8bdabbd83577de949a
Author: Asad <syed.asad.mahdi@utexas.edu>
Date:   Thu Oct 20 19:20:00 2016 -0500

    deleted app.py and requir.txt

commit 588f0e6f0f1c48afccd08e1ae538b3fb972827ef
Author: Asad <syed.asad.mahdi@utexas.edu>
Date:   Thu Oct 20 19:15:12 2016 -0500

    removed pycache and .DS_Store

commit 5d6927ced9f22a032bbbab2fd2a67bbd32ef2a36
Author: Asad <syed.asad.mahdi@utexas.edu>
Date:   Thu Oct 20 19:11:17 2016 -0500

    deleting useless files, adding folders/files to gitignore

commit 21b533e426c87517c8751f1ffea0126ebdc65f0c
Merge: 24d5b35 db84e0b
Author: root <root@ip-172-31-40-133.us-west-2.compute.internal>
Date:   Thu Oct 20 23:40:44 2016 +0000

    Merge branch 'master' of https://github.com/kethomas/SWEetOutdoors-dev

commit 24d5b35609147bbcd2712755c22268c401bbbdfb
Author: root <root@ip-172-31-40-133.us-west-2.compute.internal>
Date:   Thu Oct 20 23:40:36 2016 +0000

    working webiste pls

commit db84e0b1782e50c491f441fffa911aa4f067d24c
Author: Kirsten Thomas <kirsten.thomas@utexas.edu>
Date:   Thu Oct 20 18:23:47 2016 -0500

    Added space to Big Bend

commit 4e467b8e09b2413ca493b7a8719b4ddd6438c250
Author: Kirsten Thomas <kirsten.thomas@utexas.edu>
Date:   Thu Oct 20 18:20:05 2016 -0500

    Update DeathValley.html

commit c4d2278fdfb192e00b75bc47d7eb5463cbd2830f
Author: Kirsten Thomas <kirsten.thomas@utexas.edu>
Date:   Thu Oct 20 18:17:34 2016 -0500

    Update BigBend.html

commit e80e5ab3e80e3d21b2971374c4c30093378ea947
Author: Kirsten Thomas <kirsten.thomas@utexas.edu>
Date:   Thu Oct 20 16:55:47 2016 -0500

    bios for Elizabeth & Matthew, added tools info

commit 9b061428b1a19c6616285764f7bd03f97ab0d4a1
Author: Kirsten Thomas <kirsten.thomas@utexas.edu>
Date:   Thu Oct 20 16:49:02 2016 -0500

    Update about.html

commit db339ed9ee06b230ee9bd48cd1501bbbefd1a31f
Author: Elizabeth Haynes <ej2h@cs.utexas.edu>
Date:   Thu Oct 20 16:48:13 2016 -0500

    made tables sortable

commit 13e531c8ae7ddb82b69092076f8d034d6e3273f4
Author: Rambo Wu <RamboWu@wireless-10-147-164-68.public.utexas.edu>
Date:   Thu Oct 20 14:56:14 2016 -0500

    onno

commit 3fe9b7f95d85b56268241e72614a96f3ce159737
Author: Rambo Wu <RamboWu@wireless-10-147-164-68.public.utexas.edu>
Date:   Thu Oct 20 14:43:40 2016 -0500

    plspls work

commit f0cdbd1710b0e517a62921d5f9a7aa81d5f0db4c
Author: Rambo Wu <RamboWu@wireless-10-147-164-68.public.utexas.edu>
Date:   Thu Oct 20 14:35:34 2016 -0500

    pls work

commit 57c36b128e670c85018a5250a5597da72deeaa17
Author: Rambo Wu <RamboWu@wireless-10-147-164-68.public.utexas.edu>
Date:   Thu Oct 20 14:20:07 2016 -0500

    trying 2 get aws workin PLS GOD

commit 70b0cf386816a982085e43db17b116a74a848f1b
Author: Rambo Wu <RamboWu@wireless-10-147-164-68.public.utexas.edu>
Date:   Thu Oct 20 14:17:57 2016 -0500

    trying 2 get aws workin PLS GOD

commit 3935aaf0ce0cdcc52e4d7b1af3d5aa1c5fe2226c
Author: Rambo Wu <rambo.wu95@gmail.com>
Date:   Thu Oct 20 13:51:01 2016 -0500

    added tests.py

commit 2d62904b3185507f89a3b172e20f859ea6baba2b
Author: Matthew Rosenbaum <matthew.rosenbaum@utexas.edu>
Date:   Thu Oct 20 13:40:18 2016 -0500

    restructuring for flask and aws bs

commit 1398a21e39c72f214a98c50976d57088f31a314d
Author: Rambo Wu <rambo.wu95@gmail.com>
Date:   Thu Oct 20 13:12:12 2016 -0500

    pls work

commit 16968fea174fe4f478c90c1fa3fa8aec91ead076
Merge: 7a38b6c 14e0b0c
Author: Rambo Wu <rambo.wu95@gmail.com>
Date:   Thu Oct 20 12:07:05 2016 -0500

    Merge branch 'master' of https://github.com/kethomas/SWEetOutdoors-dev

commit 7a38b6c71df242a0b351d672bbd83291a5b62a2d
Author: Rambo Wu <rambo.wu95@gmail.com>
Date:   Thu Oct 20 12:06:54 2016 -0500

    fixed front end stuffs

commit 14e0b0c716c8dcaa21a0ecab9b84ce9cbe901ca5
Author: kethomas <kirsten.thomas@utexas.edu>
Date:   Thu Oct 20 11:56:00 2016 -0500

    adding links and pictures

commit 2ba39f0377c00a9ea48a45cea8aa17d2c341c328
Author: Matthew Rosenbaum <matthew.rosenbaum@utexas.edu>
Date:   Thu Oct 20 11:08:34 2016 -0500

    requirements file for aws

commit 54d37b798a58eb128c559d75fe5ea9bb1c3f1c9b
Author: Rambo Wu <rambo.wu95@gmail.com>
Date:   Thu Oct 20 11:02:50 2016 -0500

    fixed campgrounds. changed models to use postgresql

commit 7f68066a73928f09188ef5d191ad684d260cc085
Author: Rambo Wu <rambo.wu95@gmail.com>
Date:   Thu Oct 20 10:57:19 2016 -0500

    removed .db file. don't need for this phase

commit 16b67636889448467999d12410f898f31bf3d132
Merge: f7014df 9f64c9b
Author: Matthew Rosenbaum <matthew.rosenbaum@utexas.edu>
Date:   Thu Oct 20 10:52:37 2016 -0500

    Merge branch 'master' of https://github.com/kethomas/SWEetOutdoors-dev

commit f7014df1a023e7b9a0ad89a20deed8a85ec39629
Author: Matthew Rosenbaum <matthew.rosenbaum@utexas.edu>
Date:   Thu Oct 20 10:47:22 2016 -0500

    updating links for about

commit 9f64c9b011def186906ad1ee208f3c5bd781b1d5
Author: kethomas <kirsten.thomas@utexas.edu>
Date:   Thu Oct 20 10:42:23 2016 -0500

    adding team pictures

commit 1e802201d5a5ca0f7d4eddc7709f8b571fc5bd11
Author: Rambo Wu <RamboWu@wireless-10-147-145-94.public.utexas.edu>
Date:   Thu Oct 20 10:41:17 2016 -0500

    fixed about.html

commit d10bbf696e5bbe6f868d85c7b2a2f43b410ad1f4
Author: Matthew Rosenbaum <matthew.rosenbaum@utexas.edu>
Date:   Thu Oct 20 10:15:32 2016 -0500

    modified links to include campgrounds and each of 3 instances

commit 645d071d6097e95d877b4dc8b93a1b012755dd7b
Author: Matthew Rosenbaum <matthew.rosenbaum@utexas.edu>
Date:   Thu Oct 20 01:57:07 2016 -0500

    Fixed navigation to events page. Removed extraneous YellowStoneAnniversary in app directory

commit 049c071b6a42a1fa0c7eb3f4a657cdf3f063591f
Merge: 8db5a5c 0986f8f
Author: Didi Crous <didicrous@gmail.com>
Date:   Thu Oct 20 01:00:08 2016 -0500

    Merge branch 'master' of https://github.com/kethomas/SWEetOutdoors-dev

commit 8db5a5c63e31b19f5e0a5f790b1642961ef8882e
Merge: ce1977b 14dce99
Author: Didi Crous <didicrous@gmail.com>
Date:   Thu Oct 20 00:59:44 2016 -0500

    all of about page done, minus blurb about project

commit 0986f8f8b38ad2e6a2f1b99188b0f0595f7afce5
Merge: 817737c 14dce99
Author: Elizabeth Haynes <ej2h@cs.utexas.edu>
Date:   Thu Oct 20 00:56:20 2016 -0500

    Merge branch 'master' of https://github.com/kethomas/SWEetOutdoors-dev

commit ce1977b0fcd6966965fa24825864697301bceffc
Author: Didi Crous <didicrous@gmail.com>
Date:   Thu Oct 20 00:55:51 2016 -0500

    about page done, minus blurb about the project

commit 817737c2e0ad6b70109aee375c5838efb2b25287
Author: Elizabeth Haynes <ej2h@cs.utexas.edu>
Date:   Thu Oct 20 00:54:54 2016 -0500

    added docstrings and fixed formatting for models.py

commit 14dce998796cea3579c2d9a60844dd5eddd99b5c
Author: Asad <syed.asad.mahdi@utexas.edu>
Date:   Thu Oct 20 00:37:04 2016 -0500

    Campground Table

commit f052ef5eb5fda8c17fc41a5b91745fd1aa3bd0a6
Merge: 0556071 de112a8
Author: Elizabeth Haynes <ej2h@cs.utexas.edu>
Date:   Thu Oct 20 00:32:43 2016 -0500

    Merge branch 'master' of https://github.com/kethomas/SWEetOutdoors-dev

commit 055607151cb7bdff95e041491fbfb6d4b08b9e36
Author: Elizabeth Haynes <ej2h@cs.utexas.edu>
Date:   Thu Oct 20 00:32:03 2016 -0500

    filled in events page manually

commit de112a81c7f77549f8535e0123a4609429de996e
Author: Matthew Rosenbaum <matthew.rosenbaum@utexas.edu>
Date:   Thu Oct 20 00:22:09 2016 -0500

    Added flask routing for the 3 static events

commit f5866849fc406e8c8d25635508033138700c6841
Merge: 4f52450 4da7c4c
Author: kethomas <kirsten.thomas@utexas.edu>
Date:   Wed Oct 19 23:58:06 2016 -0500

    Merge branch 'master' of https://github.com/kethomas/SWEetOutdoors-dev

commit 4f524505fbf1d6540036b62f2f00961511b71a2d
Author: kethomas <kirsten.thomas@utexas.edu>
Date:   Wed Oct 19 23:56:26 2016 -0500

    updating with correct names and team members

commit 4da7c4c9cddd4284b1c6e92a35d0d7c7ad7bba77
Author: Asad <syed.asad.mahdi@utexas.edu>
Date:   Wed Oct 19 23:53:33 2016 -0500

    adding campgrounds

commit 0f0ad61aa88a76f1cd92bdbc1a09bd144b55dc58
Author: Matthew Rosenbaum <matthew.rosenbaum@utexas.edu>
Date:   Wed Oct 19 23:43:58 2016 -0500

    updated links for parks, states, and each instance thereof to use flask. Also I updated california's image

commit f57498b1da4b0c06e0d74d0b2c6d1d78f7025d66
Merge: 94358f8 a4669a0
Author: Didi Crous <didicrous@gmail.com>
Date:   Wed Oct 19 23:40:23 2016 -0500

    Merge branch 'master' of https://github.com/kethomas/SWEetOutdoors-dev

commit 94358f8edb79581e22b0a36f2c7cd9606acb5076
Author: Didi Crous <didicrous@gmail.com>
Date:   Wed Oct 19 23:40:10 2016 -0500

    added our 8th team member, coffee, to the about page

commit a4669a032a4e37e5886781b250796ce8876b4a9b
Author: Rambo Wu <RamboWu@wireless-10-147-40-255.public.utexas.edu>
Date:   Wed Oct 19 23:02:28 2016 -0500

    changed init

commit 4331b238b81814025e1a3b8618f5976b00403989
Merge: 022a521 f5caecf
Author: Didi Crous <didicrous@gmail.com>
Date:   Wed Oct 19 22:51:32 2016 -0500

    Merge branch 'master' of https://github.com/kethomas/SWEetOutdoors-dev

commit 022a521da740a7caf1812d4d8f038f1d05d2cb0c
Author: Didi Crous <didicrous@gmail.com>
Date:   Wed Oct 19 22:51:15 2016 -0500

    about page almost done

commit f5caecf1685f1e8639cc9fb822035726f084c112
Author: Matthew Rosenbaum <matthew.rosenbaum@utexas.edu>
Date:   Wed Oct 19 22:47:47 2016 -0500

    fixed home link for all the parks. Also updated parks.html to reflect new parks

commit b0b04af7aeedcea690e4285812f259f0c70118dc
Author: Matthew Rosenbaum <matthew.rosenbaum@utexas.edu>
Date:   Wed Oct 19 22:36:10 2016 -0500

    the rest of the park instances for phase 1

commit b01c289672d36f83c568e755c4e6b5f4417495fc
Merge: db2d3ef a1a17c1
Author: Rambo Wu <RamboWu@wireless-10-147-40-255.public.utexas.edu>
Date:   Wed Oct 19 22:19:34 2016 -0500

    Merge branch 'master' of https://github.com/kethomas/SWEetOutdoors-dev

commit db2d3efaf9faeaa2f4c9bf33c524bc125a14e1b1
Author: Rambo Wu <RamboWu@wireless-10-147-40-255.public.utexas.edu>
Date:   Wed Oct 19 22:19:27 2016 -0500

    Fixed california + texas

commit a1a17c14d665aa0c9e769048be71c26fabb3986f
Author: Elizabeth Haynes <ej2h@cs.utexas.edu>
Date:   Wed Oct 19 22:14:47 2016 -0500

    fixing references for file moves

commit feb255626f9ead4a387623b30e4a77a4e88cfd67
Merge: d8451b6 2476825
Author: Elizabeth Haynes <ej2h@cs.utexas.edu>
Date:   Wed Oct 19 21:53:20 2016 -0500

    Merge branch 'master' of https://github.com/kethomas/SWEetOutdoors-dev

commit d8451b6e800f56c9b6b659c2e1d366a4e25f6dd0
Author: Elizabeth Haynes <ej2h@cs.utexas.edu>
Date:   Wed Oct 19 21:53:03 2016 -0500

    so much moving around

commit 247682573dfb5a55f76802f75825356fb4ae905e
Author: Asad <syed.asad.mahdi@utexas.edu>
Date:   Wed Oct 19 21:46:38 2016 -0500

    This works dog

commit 5fca8890b32651981ff5f7999e0cef97e74670ed
Author: Rambo Wu <RamboWu@wireless-10-147-40-255.public.utexas.edu>
Date:   Wed Oct 19 21:42:29 2016 -0500

    fixed index.html

commit b5497a770cc86f1b17cf1336afa306966b532eb9
Merge: ce879ee cf93399
Author: Rambo Wu <RamboWu@wireless-10-147-40-255.public.utexas.edu>
Date:   Wed Oct 19 21:35:02 2016 -0500

    Merge branch 'master' of https://github.com/kethomas/SWEetOutdoors-dev

commit ce879eeb99b2c2a264ea8df4a5df868c3a78bf05
Author: Rambo Wu <RamboWu@wireless-10-147-40-255.public.utexas.edu>
Date:   Wed Oct 19 21:34:53 2016 -0500

    Fixed stuff

commit cf93399453266569b9d69de48398b67690410649
Author: Matthew Rosenbaum <matthew.rosenbaum@utexas.edu>
Date:   Wed Oct 19 21:26:21 2016 -0500

    zilker park static html

commit d668e1696c823878c4c04639d76afd278ddb3b1d
Author: Rambo Wu <RamboWu@wireless-10-147-40-255.public.utexas.edu>
Date:   Wed Oct 19 21:24:20 2016 -0500

    moved index fixed init

commit 2c11709bc26299ef419821af269e142dbd4090f6
Author: Rambo Wu <RamboWu@wireless-10-147-40-255.public.utexas.edu>
Date:   Wed Oct 19 21:20:15 2016 -0500

    fixed init

commit 23f4a30e4001ce22ae78997fe9fc7db5b3f648e9
Author: Rambo Wu <RamboWu@wireless-10-147-40-255.public.utexas.edu>
Date:   Wed Oct 19 21:15:00 2016 -0500

    deleted useless files

commit 26a027042348c93aa90d034541fca69d585a096b
Author: Rambo Wu <RamboWu@wireless-10-147-40-255.public.utexas.edu>
Date:   Wed Oct 19 21:14:23 2016 -0500

    Deleted .DS_Store files

commit 39acd2a0e21e3c7206a5f4553affd2b80c0e227e
Author: Rambo Wu <RamboWu@wireless-10-147-40-255.public.utexas.edu>
Date:   Wed Oct 19 21:12:58 2016 -0500

    Changed folder structure

commit f8bbcfd475d1322f589a18ac7381fedc7b319a55
Author: Elizabeth Haynes <ej2h@cs.utexas.edu>
Date:   Wed Oct 19 21:06:54 2016 -0500

    getting ready to restructure folders

commit 0a2a6facaee106fff1537bbc2951fe89bd24e269
Author: Rambo Wu <RamboWu@wireless-10-147-40-255.public.utexas.edu>
Date:   Wed Oct 19 20:58:47 2016 -0500

    Added __init__.py

commit ddff28554d57743489eaca91078f94a4b0de5342
Merge: 4602375 41bed38
Author: kethomas <kirsten.thomas@utexas.edu>
Date:   Wed Oct 19 20:51:44 2016 -0500

    Merge branch 'master' of https://github.com/kethomas/SWEetOutdoors-dev
    
    adding about page

commit 41bed38363a8f2994f787a05788cd1a850e3deda
Author: Elizabeth Haynes <ej2h@cs.utexas.edu>
Date:   Wed Oct 19 20:50:17 2016 -0500

    setting up hardcoding, combined all instances to same folder set

commit 4602375ec3d73d44c8883047f69444ba31c6f2d5
Author: kethomas <kirsten.thomas@utexas.edu>
Date:   Wed Oct 19 20:49:35 2016 -0500

    created initial about page. looks really bad, need to fix formatting. also fixed typo on campgrounds

commit 8092657f17b4d0dd17895d863061996fc24759a0
Author: Ali Darwiche <darwiche2005@utexas.edu>
Date:   Wed Oct 19 20:27:38 2016 -0500

    Made park profile

commit 725d0ee6b20f537a9ab6eab54ec5592bb1718e75
Author: asadmahdi <syed.asad.mahdi@utexas.edu>
Date:   Wed Oct 19 20:05:07 2016 -0500

    Add files via upload

commit c9de8e18471570e80b2cc8e13fab66fae30f7fe0
Author: asadmahdi <syed.asad.mahdi@utexas.edu>
Date:   Wed Oct 19 20:01:51 2016 -0500

    Create yUML.txt

commit 92c18e8b7eba809b6ef3d007d1259f953671f29d
Author: Elizabeth Haynes <ej2h@cs.utexas.edu>
Date:   Wed Oct 19 20:00:30 2016 -0500

    added instance pages

commit 33a26cafda40dd1b554f48ba871fd0515ab510d3
Author: Rambo Wu <RamboWu@wireless-10-147-40-255.public.utexas.edu>
Date:   Wed Oct 19 19:50:16 2016 -0500

    Fixed models, created database file, writing database initializing file now

commit 34a8bb845d15d1a4d5d024d09603578c744aaf9a
Author: Rambo Wu <rambo.wu95@gmail.com>
Date:   Wed Oct 19 19:17:25 2016 -0500

    Fixed data models

commit e0960c9d9411cc3b8b1bb5bf800f716a117f2e56
Author: Elizabeth Haynes <ej2h@cs.utexas.edu>
Date:   Wed Oct 19 18:30:37 2016 -0500

    slight state template change

commit ba2615041b6d8e0b867f189bee82b379c665a245
Author: Ali Darwiche <darwiche2005@utexas.edu>
Date:   Wed Oct 19 18:23:20 2016 -0500

    Made edits

commit 33aac65ebdf32a64e7a8f01c3b4d34489b3066ff
Author: Didi Crous <didicrous@gmail.com>
Date:   Wed Oct 19 17:11:47 2016 -0500

    filled out rest of the tables

commit 524d4251dffcc83e0b01c15f5f626034af03ec34
Author: Didi Crous <didicrous@gmail.com>
Date:   Wed Oct 19 16:15:56 2016 -0500

    added styling to states table

commit 13873f878c40ec2ae99188f87faef20a948be3f2
Author: Didi Crous <didicrous@gmail.com>
Date:   Wed Oct 19 16:10:06 2016 -0500

    did some styling on parks table

commit 757209d27174810d1b84c45a9be61efcab700587
Author: Didi Crous <didicrous@gmail.com>
Date:   Wed Oct 19 15:26:42 2016 -0500

    finished Texas model, data still hardcoded (need to load it in with flask)

commit 3195de24be226f965802555ddee4e25fea7d8304
Author: Didi Crous <didicrous@gmail.com>
Date:   Wed Oct 19 13:49:39 2016 -0500

    almost done with Texas instance

commit bb034b112d5c61f4095eb897018e5b615627d6a2
Merge: 982d61a 0fbf47f
Author: Elizabeth Haynes <ej2h@cs.utexas.edu>
Date:   Wed Oct 19 12:24:34 2016 -0500

    Merging in branch 'master' of https://github.com/kethomas/SWEetOutdoors-dev for state instance

commit 0fbf47facd25357e18f2b231aa49fe76da5786e1
Author: kethomas <kirsten.thomas@utexas.edu>
Date:   Wed Oct 19 01:00:28 2016 -0500

    adding more info to parks page

commit 982d61a72bc23fd34d9fbbc80933822205cd50e2
Author: Elizabeth Haynes <ej2h@cs.utexas.edu>
Date:   Tue Oct 18 23:11:56 2016 -0500

    Setting up state instance

commit 99a4df7ce624182e7d7883b825034bfac0f41609
Author: Ali Darwiche <darwiche2005@utexas.edu>
Date:   Tue Oct 18 21:58:10 2016 -0500

    Ali rage quits: tables for states is up

commit 8d1a35bdeaeed2260133aa74f684e65ba924a2c4
Author: Ali Darwiche <darwiche2005@utexas.edu>
Date:   Tue Oct 18 20:16:53 2016 -0500

    working on table in parks

commit 7e074fe63f54acd16c96481806a5cb8e588e1d6d
Author: Didi Crous <didicrous@gmail.com>
Date:   Tue Oct 18 19:17:58 2016 -0500

    started on parks css

commit e36225879843886033f5a64ef3d3f8ee82a0f549
Author: Ali Darwiche <darwiche2005@utexas.edu>
Date:   Tue Oct 18 18:52:36 2016 -0500

    added States & Campgrounds to data.py

commit d031fff62ae09b3240650a339e42ef15c1824fad
Author: Ali Darwiche <darwiche2005@utexas.edu>
Date:   Tue Oct 18 18:13:12 2016 -0500

    added virtualenv

commit 8024a37c9ef99176a287eaba737a4ab2ad2492f2
Author: Didi Crous <didicrous@gmail.com>
Date:   Tue Oct 18 18:02:49 2016 -0500

    fixed stuff after I broke it, sry

commit 8953c361f4c295c66d20426433f5b72f71ba761e
Author: Didi Crous <didicrous@gmail.com>
Date:   Tue Oct 18 17:56:16 2016 -0500

    moved index file

commit d7be3ac328ef08687f075012280a32c8205c4f2b
Author: Rambo Wu <RamboWu@wireless-10-147-28-253.public.utexas.edu>
Date:   Tue Oct 18 17:37:21 2016 -0500

    Added data model file

commit 52a5d0895ac1a1b2dd6376f94a91c437601e59d3
Author: Kirsten Thomas <kirsten.thomas@utexas.edu>
Date:   Tue Oct 18 16:52:16 2016 -0500

    updating fonts and carousel, added titles

commit b4838899a2d481267239f36cfe99bd296edbbbc3
Author: Kirsten Thomas <kirsten.thomas@utexas.edu>
Date:   Tue Oct 18 15:44:04 2016 -0500

    updated background, carousel, and nav bar

commit 661dea52c66a1173e0fda4c2db2b9bd91572fea5
Author: Didi Crous <didicrous@example.com>
Date:   Mon Oct 17 14:38:28 2016 -0500

    maybe kind of done with the landing page, idk

commit 2b73c9b95f17c2679c98c72af4f3cc20c9647481
Author: Didi Crous <didicrous@example.com>
Date:   Mon Oct 17 12:33:03 2016 -0500

    fixed splash page, sort of

commit 8bdb957a4ef029221c1b4670b77953bf7520e4d4
Author: Didi Crous <didicrous@gmail.com>
Date:   Sun Oct 16 19:05:38 2016 -0500

    index.html getting done

commit f5bd9c4880348b5f3b14af157b7dbfffe75a8fd8
Author: Didi Crous <didicrous@gmail.com>
Date:   Sun Oct 16 18:31:28 2016 -0500

    initial front end stuff

commit 6e3a867026e4ae142b15fbd1d851f440fb23bbd0
Author: Kirsten Thomas <kirsten.thomas@utexas.edu>
Date:   Fri Oct 14 13:49:03 2016 -0500

    Transferring API Description file from Apiary.io

commit 662b52083def4755cae98dec1084c9e4b8a52c44
Author: Kirsten Thomas <kirsten.thomas@utexas.edu>
Date:   Fri Oct 14 13:06:18 2016 -0500

    Update README.md

commit cd3401d2c4ad2feb837eb8b6fbd88c7a72403360
Author: Kirsten Thomas <kirsten.thomas@utexas.edu>
Date:   Fri Oct 14 13:05:27 2016 -0500

    Create master branch via GitHub

commit b6a6a562a2494bbc42019e25d9d7450207a8e824
Author: Kirsten Thomas <kirsten.thomas@utexas.edu>
Date:   Fri Oct 14 13:04:22 2016 -0500

    Create CNAME

commit 24286154c3bf901a39ee113be1d1ef85bbc7fde6
Author: Kirsten Thomas <kirsten.thomas@utexas.edu>
Date:   Fri Oct 14 13:01:35 2016 -0500

    Create index.html

commit b91c24b43f99b84570e2f2399b9894a9e0c8edef
Author: Kirsten Thomas <kirsten.thomas@utexas.edu>
Date:   Fri Oct 14 12:55:40 2016 -0500

    Initial commit
